2025-12-05 23:54:06 - root - DEBUG - [logging_config.py:58] - Логирование настроено: файл logs/app.log и консоль
2025-12-05 23:54:06 - processor - DEBUG - [image_processor.py:91] - Инициализация AsyncCatImageProcessor с API URL: https://api.thecatapi.com/v1/images/search
2025-12-05 23:54:07 - asyncio - DEBUG - [selector_events.py:59] - Using selector: KqueueSelector
2025-12-05 23:54:07 - processor - DEBUG - [image_processor.py:91] - Инициализация AsyncCatImageProcessor с API URL: https://api.thecatapi.com/v1/images/search
2025-12-05 23:54:07 - processor - INFO - [image_processor.py:181] - Начало асинхронной загрузки 2 изображений...
2025-12-05 23:54:07 - processor - DEBUG - [image_processor.py:192] - Создана/проверена директория: /var/folders/68/tgy4v3td5znfp3524npkh0vw0000gn/T/test_output_k5bhd5kp
2025-12-05 23:54:07 - processor - DEBUG - [image_processor.py:200] - Параметры запроса к API: {'limit': 2, 'api_key': 'test_api_key', 'has_breed': 1}
2025-12-05 23:54:07 - processor - DEBUG - [image_processor.py:205] - Отправка запроса к API: https://api.thecatapi.com/v1/images/search
2025-12-05 23:54:07 - processor - INFO - [image_processor.py:210] - Получено 0 изображений от API
2025-12-05 23:54:07 - processor - DEBUG - [image_processor.py:222] - Запуск 0 задач загрузки параллельно
2025-12-05 23:54:07 - processor - INFO - [image_processor.py:225] - Успешно загружено 0 изображений
2025-12-05 23:54:07 - processor - DEBUG - [image_processor.py:91] - Инициализация AsyncCatImageProcessor с API URL: https://api.thecatapi.com/v1/images/search
2025-12-05 23:54:07 - processor - WARNING - [image_processor.py:93] - API_KEY не найден в переменных окружения
2025-12-05 23:54:07 - asyncio - DEBUG - [selector_events.py:59] - Using selector: KqueueSelector
2025-12-05 23:54:07 - processor - DEBUG - [image_processor.py:91] - Инициализация AsyncCatImageProcessor с API URL: https://api.thecatapi.com/v1/images/search
2025-12-05 23:54:07 - processor - INFO - [image_processor.py:181] - Начало асинхронной загрузки 2 изображений...
2025-12-05 23:54:07 - processor - DEBUG - [image_processor.py:192] - Создана/проверена директория: /var/folders/68/tgy4v3td5znfp3524npkh0vw0000gn/T/test_output_thqan2a5
2025-12-05 23:54:07 - processor - DEBUG - [image_processor.py:200] - Параметры запроса к API: {'limit': 2, 'api_key': 'test_api_key', 'has_breed': 1}
2025-12-05 23:54:07 - processor - DEBUG - [image_processor.py:205] - Отправка запроса к API: https://api.thecatapi.com/v1/images/search
2025-12-05 23:54:07 - processor - INFO - [image_processor.py:210] - Получено 2 изображений от API
2025-12-05 23:54:07 - processor - DEBUG - [image_processor.py:219] - Создана задача загрузки для изображения 1
2025-12-05 23:54:07 - processor - DEBUG - [image_processor.py:219] - Создана задача загрузки для изображения 2
2025-12-05 23:54:07 - processor - DEBUG - [image_processor.py:222] - Запуск 2 задач загрузки параллельно
2025-12-05 23:54:07 - processor - INFO - [image_processor.py:111] - Начало загрузки изображения 1
2025-12-05 23:54:07 - processor - DEBUG - [image_processor.py:116] - Изображение 1 - ключи данных: ['url', 'breeds']
2025-12-05 23:54:07 - processor - DEBUG - [image_processor.py:119] - Изображение 1 - информация о породах: [{'name': 'TestBreed1'}]
2025-12-05 23:54:07 - processor - DEBUG - [image_processor.py:125] - Изображение 1 успешно загружено, размер: 17 байт
2025-12-05 23:54:07 - processor - DEBUG - [image_processor.py:135] - Изображение 1 - определена порода: testbreed1
2025-12-05 23:54:07 - processor - ERROR - [image_processor.py:166] - Ошибка загрузки изображения 1: __aenter__
Traceback (most recent call last):
  File "/Users/daschaiva/6401ivanovadm/lab5/processor/image_processor.py", line 143, in download_single_image
    async with aiofiles.open(original_path, 'wb') as f:
AttributeError: __aenter__
2025-12-05 23:54:07 - processor - INFO - [image_processor.py:111] - Начало загрузки изображения 2
2025-12-05 23:54:07 - processor - DEBUG - [image_processor.py:116] - Изображение 2 - ключи данных: ['url', 'breeds']
2025-12-05 23:54:07 - processor - DEBUG - [image_processor.py:119] - Изображение 2 - информация о породах: [{'name': 'TestBreed2'}]
2025-12-05 23:54:07 - processor - DEBUG - [image_processor.py:125] - Изображение 2 успешно загружено, размер: 17 байт
2025-12-05 23:54:07 - processor - DEBUG - [image_processor.py:135] - Изображение 2 - определена порода: testbreed2
2025-12-05 23:54:07 - processor - ERROR - [image_processor.py:166] - Ошибка загрузки изображения 2: __aenter__
Traceback (most recent call last):
  File "/Users/daschaiva/6401ivanovadm/lab5/processor/image_processor.py", line 143, in download_single_image
    async with aiofiles.open(original_path, 'wb') as f:
AttributeError: __aenter__
2025-12-05 23:54:07 - processor - INFO - [image_processor.py:225] - Успешно загружено 0 изображений
2025-12-05 23:54:07 - processor - DEBUG - [image_processor.py:91] - Инициализация AsyncCatImageProcessor с API URL: https://api.thecatapi.com/v1/images/search
2025-12-05 23:54:07 - processor - DEBUG - [image_processor.py:321] - Формирование статистики по обработанным изображениям
2025-12-05 23:54:07 - processor - DEBUG - [image_processor.py:341] - Статистика сформирована: {'total_images': 0, 'color_images': 0, 'grayscale_images': 0, 'breeds': [], 'shapes': []}
2025-12-05 23:54:07 - processor - DEBUG - [image_processor.py:91] - Инициализация AsyncCatImageProcessor с API URL: https://api.thecatapi.com/v1/images/search
2025-12-05 23:54:07 - processor - DEBUG - [image_processor.py:321] - Формирование статистики по обработанным изображениям
2025-12-05 23:54:07 - processor - DEBUG - [image_processor.py:341] - Статистика сформирована: {'total_images': 3, 'color_images': 2, 'grayscale_images': 1, 'breeds': ['Breed1', 'Breed2'], 'shapes': [(100, 100, 3), (150, 150), (120, 120, 3)]}
2025-12-05 23:54:07 - processor - DEBUG - [image_processor.py:91] - Инициализация AsyncCatImageProcessor с API URL: https://api.thecatapi.com/v1/images/search
2025-12-05 23:54:07 - processor - DEBUG - [image_processor.py:91] - Инициализация AsyncCatImageProcessor с API URL: https://api.thecatapi.com/v1/images/search
2025-12-05 23:54:07 - processor - INFO - [image_processor.py:245] - Начало параллельной обработки изображений...
2025-12-05 23:54:07 - processor - WARNING - [image_processor.py:249] - Нет изображений для обработки
2025-12-05 23:54:07 - processor - DEBUG - [image_processor.py:91] - Инициализация AsyncCatImageProcessor с API URL: https://api.thecatapi.com/v1/images/search
2025-12-05 23:54:07 - processor - INFO - [image_processor.py:245] - Начало параллельной обработки изображений...
2025-12-05 23:54:07 - processor - INFO - [image_processor.py:253] - Количество изображений для обработки: 1
2025-12-05 23:54:07 - processor - DEBUG - [image_processor.py:257] - Изображения отсортированы по индексу
2025-12-05 23:54:07 - processor - DEBUG - [image_processor.py:261] - Создан ProcessPoolExecutor для параллельной обработки
2025-12-05 23:54:07 - processor - DEBUG - [image_processor.py:265] - Создано 1 задач обработки
2025-12-05 23:54:07 - root - DEBUG - [logging_config.py:58] - Логирование настроено: файл logs/app.log и консоль
2025-12-05 23:54:07 - processor.process - DEBUG - [image_processor.py:45] - Начало свертки для изображения 1 (PID 71171)
2025-12-05 23:54:07 - processor.process - DEBUG - [image_processor.py:51] - Изображение 1 - цветное, порода: TestBreed
2025-12-05 23:54:07 - processor.process - DEBUG - [image_processor.py:60] - Обработка изображения 1 завершена
2025-12-05 23:54:07 - processor.process - DEBUG - [image_processor.py:66] - Свертка для изображения 1 завершена (PID 71171)
2025-12-05 23:54:07 - processor - INFO - [image_processor.py:273] - Обработка изображения 1 завершена
2025-12-05 23:54:07 - processor - INFO - [image_processor.py:294] - Сохранение обработанных изображений...
2025-12-05 23:54:07 - processor - INFO - [image_processor.py:306] - Обработанные изображения сохранены: 1_TestBreed
2025-12-05 23:54:07 - processor - INFO - [image_processor.py:283] - Параллельная обработка изображений завершена
2025-12-05 23:54:07 - processor - DEBUG - [image_processor.py:91] - Инициализация AsyncCatImageProcessor с API URL: https://api.thecatapi.com/v1/images/search
2025-12-05 23:54:07 - processor.process - DEBUG - [image_processor.py:45] - Начало свертки для изображения 1 (PID 71166)
2025-12-05 23:54:07 - processor.process - DEBUG - [image_processor.py:51] - Изображение 1 - цветное, порода: TestBreed
2025-12-05 23:54:07 - processor.process - DEBUG - [image_processor.py:60] - Обработка изображения 1 завершена
2025-12-05 23:54:07 - processor.process - DEBUG - [image_processor.py:66] - Свертка для изображения 1 завершена (PID 71166)
2025-12-05 23:54:07 - processor - DEBUG - [image_processor.py:91] - Инициализация AsyncCatImageProcessor с API URL: https://api.thecatapi.com/v1/images/search
2025-12-05 23:54:07 - processor - DEBUG - [image_processor.py:91] - Инициализация AsyncCatImageProcessor с API URL: https://api.thecatapi.com/v1/images/search
2025-12-05 23:54:07 - processor - DEBUG - [image_processor.py:91] - Инициализация AsyncCatImageProcessor с API URL: https://api.thecatapi.com/v1/images/search
2025-12-05 23:54:07 - processor - WARNING - [image_processor.py:93] - API_KEY не найден в переменных окружения
2025-12-05 23:54:07 - processor.process - DEBUG - [image_processor.py:45] - Начало свертки для изображения 1 (PID 71166)
2025-12-05 23:54:07 - processor.process - DEBUG - [image_processor.py:51] - Изображение 1 - цветное, порода: TestColorBreed
2025-12-05 23:54:07 - processor.process - DEBUG - [image_processor.py:60] - Обработка изображения 1 завершена
2025-12-05 23:54:07 - processor.process - DEBUG - [image_processor.py:66] - Свертка для изображения 1 завершена (PID 71166)
2025-12-05 23:54:07 - processor.process - DEBUG - [image_processor.py:45] - Начало свертки для изображения 2 (PID 71166)
2025-12-05 23:54:07 - processor.process - DEBUG - [image_processor.py:54] - Изображение 2 - Ч/Б, порода: TestGrayBreed
2025-12-05 23:54:07 - processor.process - DEBUG - [image_processor.py:60] - Обработка изображения 2 завершена
2025-12-05 23:54:07 - processor.process - DEBUG - [image_processor.py:66] - Свертка для изображения 2 завершена (PID 71166)
2025-12-05 23:54:07 - processor.process - DEBUG - [image_processor.py:45] - Начало свертки для изображения 3 (PID 71166)
2025-12-05 23:54:07 - processor.process - DEBUG - [image_processor.py:51] - Изображение 3 - цветное, порода: Test Breed/With Special@Chars#123
2025-12-05 23:54:07 - processor.process - DEBUG - [image_processor.py:60] - Обработка изображения 3 завершена
2025-12-05 23:54:07 - processor.process - DEBUG - [image_processor.py:66] - Свертка для изображения 3 завершена (PID 71166)
2025-12-05 23:54:20 - root - DEBUG - [logging_config.py:58] - Логирование настроено: файл logs/app.log и консоль
2025-12-05 23:54:20 - processor - DEBUG - [image_processor.py:91] - Инициализация AsyncCatImageProcessor с API URL: https://api.thecatapi.com/v1/images/search
2025-12-05 23:54:20 - asyncio - DEBUG - [selector_events.py:59] - Using selector: KqueueSelector
2025-12-05 23:54:20 - processor - DEBUG - [image_processor.py:91] - Инициализация AsyncCatImageProcessor с API URL: https://api.thecatapi.com/v1/images/search
2025-12-05 23:54:20 - processor - INFO - [image_processor.py:181] - Начало асинхронной загрузки 2 изображений...
2025-12-05 23:54:20 - processor - DEBUG - [image_processor.py:192] - Создана/проверена директория: /var/folders/68/tgy4v3td5znfp3524npkh0vw0000gn/T/test_output_kxu4y45z
2025-12-05 23:54:20 - processor - DEBUG - [image_processor.py:200] - Параметры запроса к API: {'limit': 2, 'api_key': 'test_api_key', 'has_breed': 1}
2025-12-05 23:54:20 - processor - DEBUG - [image_processor.py:205] - Отправка запроса к API: https://api.thecatapi.com/v1/images/search
2025-12-05 23:54:20 - processor - INFO - [image_processor.py:210] - Получено 0 изображений от API
2025-12-05 23:54:20 - processor - DEBUG - [image_processor.py:222] - Запуск 0 задач загрузки параллельно
2025-12-05 23:54:20 - processor - INFO - [image_processor.py:225] - Успешно загружено 0 изображений
2025-12-05 23:54:20 - processor - DEBUG - [image_processor.py:91] - Инициализация AsyncCatImageProcessor с API URL: https://api.thecatapi.com/v1/images/search
2025-12-05 23:54:20 - processor - WARNING - [image_processor.py:93] - API_KEY не найден в переменных окружения
2025-12-05 23:54:20 - asyncio - DEBUG - [selector_events.py:59] - Using selector: KqueueSelector
2025-12-05 23:54:20 - processor - DEBUG - [image_processor.py:91] - Инициализация AsyncCatImageProcessor с API URL: https://api.thecatapi.com/v1/images/search
2025-12-05 23:54:20 - processor - INFO - [image_processor.py:181] - Начало асинхронной загрузки 2 изображений...
2025-12-05 23:54:20 - processor - DEBUG - [image_processor.py:192] - Создана/проверена директория: /var/folders/68/tgy4v3td5znfp3524npkh0vw0000gn/T/test_output_8pkzyv72
2025-12-05 23:54:20 - processor - DEBUG - [image_processor.py:200] - Параметры запроса к API: {'limit': 2, 'api_key': 'test_api_key', 'has_breed': 1}
2025-12-05 23:54:20 - processor - DEBUG - [image_processor.py:205] - Отправка запроса к API: https://api.thecatapi.com/v1/images/search
2025-12-05 23:54:20 - processor - INFO - [image_processor.py:210] - Получено 2 изображений от API
2025-12-05 23:54:20 - processor - DEBUG - [image_processor.py:219] - Создана задача загрузки для изображения 1
2025-12-05 23:54:20 - processor - DEBUG - [image_processor.py:219] - Создана задача загрузки для изображения 2
2025-12-05 23:54:20 - processor - DEBUG - [image_processor.py:222] - Запуск 2 задач загрузки параллельно
2025-12-05 23:54:20 - processor - INFO - [image_processor.py:111] - Начало загрузки изображения 1
2025-12-05 23:54:20 - processor - DEBUG - [image_processor.py:116] - Изображение 1 - ключи данных: ['url', 'breeds']
2025-12-05 23:54:20 - processor - DEBUG - [image_processor.py:119] - Изображение 1 - информация о породах: [{'name': 'TestBreed1'}]
2025-12-05 23:54:20 - processor - DEBUG - [image_processor.py:125] - Изображение 1 успешно загружено, размер: 17 байт
2025-12-05 23:54:20 - processor - DEBUG - [image_processor.py:135] - Изображение 1 - определена порода: testbreed1
2025-12-05 23:54:20 - processor - ERROR - [image_processor.py:166] - Ошибка загрузки изображения 1: __aenter__
Traceback (most recent call last):
  File "/Users/daschaiva/6401ivanovadm/lab5/processor/image_processor.py", line 143, in download_single_image
    async with aiofiles.open(original_path, 'wb') as f:
AttributeError: __aenter__
2025-12-05 23:54:20 - processor - INFO - [image_processor.py:111] - Начало загрузки изображения 2
2025-12-05 23:54:20 - processor - DEBUG - [image_processor.py:116] - Изображение 2 - ключи данных: ['url', 'breeds']
2025-12-05 23:54:20 - processor - DEBUG - [image_processor.py:119] - Изображение 2 - информация о породах: [{'name': 'TestBreed2'}]
2025-12-05 23:54:20 - processor - DEBUG - [image_processor.py:125] - Изображение 2 успешно загружено, размер: 17 байт
2025-12-05 23:54:20 - processor - DEBUG - [image_processor.py:135] - Изображение 2 - определена порода: testbreed2
2025-12-05 23:54:20 - processor - ERROR - [image_processor.py:166] - Ошибка загрузки изображения 2: __aenter__
Traceback (most recent call last):
  File "/Users/daschaiva/6401ivanovadm/lab5/processor/image_processor.py", line 143, in download_single_image
    async with aiofiles.open(original_path, 'wb') as f:
AttributeError: __aenter__
2025-12-05 23:54:20 - processor - INFO - [image_processor.py:225] - Успешно загружено 0 изображений
2025-12-05 23:54:20 - processor - DEBUG - [image_processor.py:91] - Инициализация AsyncCatImageProcessor с API URL: https://api.thecatapi.com/v1/images/search
2025-12-05 23:54:20 - processor - DEBUG - [image_processor.py:321] - Формирование статистики по обработанным изображениям
2025-12-05 23:54:20 - processor - DEBUG - [image_processor.py:341] - Статистика сформирована: {'total_images': 0, 'color_images': 0, 'grayscale_images': 0, 'breeds': [], 'shapes': []}
2025-12-05 23:54:20 - processor - DEBUG - [image_processor.py:91] - Инициализация AsyncCatImageProcessor с API URL: https://api.thecatapi.com/v1/images/search
2025-12-05 23:54:20 - processor - DEBUG - [image_processor.py:321] - Формирование статистики по обработанным изображениям
2025-12-05 23:54:20 - processor - DEBUG - [image_processor.py:341] - Статистика сформирована: {'total_images': 3, 'color_images': 2, 'grayscale_images': 1, 'breeds': ['Breed1', 'Breed2'], 'shapes': [(100, 100, 3), (150, 150), (120, 120, 3)]}
2025-12-05 23:54:20 - processor - DEBUG - [image_processor.py:91] - Инициализация AsyncCatImageProcessor с API URL: https://api.thecatapi.com/v1/images/search
2025-12-05 23:54:20 - processor - DEBUG - [image_processor.py:91] - Инициализация AsyncCatImageProcessor с API URL: https://api.thecatapi.com/v1/images/search
2025-12-05 23:54:20 - processor - INFO - [image_processor.py:245] - Начало параллельной обработки изображений...
2025-12-05 23:54:20 - processor - WARNING - [image_processor.py:249] - Нет изображений для обработки
2025-12-05 23:54:20 - processor - DEBUG - [image_processor.py:91] - Инициализация AsyncCatImageProcessor с API URL: https://api.thecatapi.com/v1/images/search
2025-12-05 23:54:20 - processor - INFO - [image_processor.py:245] - Начало параллельной обработки изображений...
2025-12-05 23:54:20 - processor - INFO - [image_processor.py:253] - Количество изображений для обработки: 1
2025-12-05 23:54:20 - processor - DEBUG - [image_processor.py:257] - Изображения отсортированы по индексу
2025-12-05 23:54:20 - processor - DEBUG - [image_processor.py:261] - Создан ProcessPoolExecutor для параллельной обработки
2025-12-05 23:54:20 - processor - DEBUG - [image_processor.py:265] - Создано 1 задач обработки
2025-12-05 23:54:20 - root - DEBUG - [logging_config.py:58] - Логирование настроено: файл logs/app.log и консоль
2025-12-05 23:54:20 - processor.process - DEBUG - [image_processor.py:45] - Начало свертки для изображения 1 (PID 71181)
2025-12-05 23:54:20 - processor.process - DEBUG - [image_processor.py:51] - Изображение 1 - цветное, порода: TestBreed
2025-12-05 23:54:20 - processor.process - DEBUG - [image_processor.py:60] - Обработка изображения 1 завершена
2025-12-05 23:54:20 - processor.process - DEBUG - [image_processor.py:66] - Свертка для изображения 1 завершена (PID 71181)
2025-12-05 23:54:20 - processor - INFO - [image_processor.py:273] - Обработка изображения 1 завершена
2025-12-05 23:54:20 - processor - INFO - [image_processor.py:294] - Сохранение обработанных изображений...
2025-12-05 23:54:20 - processor - INFO - [image_processor.py:306] - Обработанные изображения сохранены: 1_TestBreed
2025-12-05 23:54:20 - processor - INFO - [image_processor.py:283] - Параллельная обработка изображений завершена
2025-12-05 23:54:20 - processor - DEBUG - [image_processor.py:91] - Инициализация AsyncCatImageProcessor с API URL: https://api.thecatapi.com/v1/images/search
2025-12-05 23:54:20 - processor.process - DEBUG - [image_processor.py:45] - Начало свертки для изображения 1 (PID 71178)
2025-12-05 23:54:20 - processor.process - DEBUG - [image_processor.py:51] - Изображение 1 - цветное, порода: TestBreed
2025-12-05 23:54:20 - processor.process - DEBUG - [image_processor.py:60] - Обработка изображения 1 завершена
2025-12-05 23:54:20 - processor.process - DEBUG - [image_processor.py:66] - Свертка для изображения 1 завершена (PID 71178)
2025-12-05 23:54:20 - processor - DEBUG - [image_processor.py:91] - Инициализация AsyncCatImageProcessor с API URL: https://api.thecatapi.com/v1/images/search
2025-12-05 23:54:20 - processor - DEBUG - [image_processor.py:91] - Инициализация AsyncCatImageProcessor с API URL: https://api.thecatapi.com/v1/images/search
2025-12-05 23:54:20 - processor - DEBUG - [image_processor.py:91] - Инициализация AsyncCatImageProcessor с API URL: https://api.thecatapi.com/v1/images/search
2025-12-05 23:54:20 - processor - WARNING - [image_processor.py:93] - API_KEY не найден в переменных окружения
2025-12-05 23:54:20 - processor.process - DEBUG - [image_processor.py:45] - Начало свертки для изображения 1 (PID 71178)
2025-12-05 23:54:20 - processor.process - DEBUG - [image_processor.py:51] - Изображение 1 - цветное, порода: TestColorBreed
2025-12-05 23:54:20 - processor.process - DEBUG - [image_processor.py:60] - Обработка изображения 1 завершена
2025-12-05 23:54:20 - processor.process - DEBUG - [image_processor.py:66] - Свертка для изображения 1 завершена (PID 71178)
2025-12-05 23:54:20 - processor.process - DEBUG - [image_processor.py:45] - Начало свертки для изображения 2 (PID 71178)
2025-12-05 23:54:20 - processor.process - DEBUG - [image_processor.py:54] - Изображение 2 - Ч/Б, порода: TestGrayBreed
2025-12-05 23:54:20 - processor.process - DEBUG - [image_processor.py:60] - Обработка изображения 2 завершена
2025-12-05 23:54:20 - processor.process - DEBUG - [image_processor.py:66] - Свертка для изображения 2 завершена (PID 71178)
2025-12-05 23:54:20 - processor.process - DEBUG - [image_processor.py:45] - Начало свертки для изображения 3 (PID 71178)
2025-12-05 23:54:20 - processor.process - DEBUG - [image_processor.py:51] - Изображение 3 - цветное, порода: Test Breed/With Special@Chars#123
2025-12-05 23:54:20 - processor.process - DEBUG - [image_processor.py:60] - Обработка изображения 3 завершена
2025-12-05 23:54:20 - processor.process - DEBUG - [image_processor.py:66] - Свертка для изображения 3 завершена (PID 71178)
2025-12-06 00:05:05 - root - DEBUG - [logging_config.py:58] - Логирование настроено: файл logs/app.log и консоль
2025-12-06 00:05:05 - processor - DEBUG - [image_processor.py:91] - Инициализация AsyncCatImageProcessor с API URL: https://api.thecatapi.com/v1/images/search
2025-12-06 00:05:05 - asyncio - DEBUG - [selector_events.py:59] - Using selector: KqueueSelector
2025-12-06 00:05:05 - processor - DEBUG - [image_processor.py:91] - Инициализация AsyncCatImageProcessor с API URL: https://api.thecatapi.com/v1/images/search
2025-12-06 00:05:05 - processor - INFO - [image_processor.py:181] - Начало асинхронной загрузки 2 изображений...
2025-12-06 00:05:05 - processor - DEBUG - [image_processor.py:192] - Создана/проверена директория: /var/folders/68/tgy4v3td5znfp3524npkh0vw0000gn/T/test_output_hbtcw75g
2025-12-06 00:05:05 - processor - DEBUG - [image_processor.py:200] - Параметры запроса к API: {'limit': 2, 'api_key': 'test_api_key', 'has_breed': 1}
2025-12-06 00:05:05 - processor - DEBUG - [image_processor.py:205] - Отправка запроса к API: https://api.thecatapi.com/v1/images/search
2025-12-06 00:05:05 - processor - INFO - [image_processor.py:210] - Получено 0 изображений от API
2025-12-06 00:05:05 - processor - DEBUG - [image_processor.py:222] - Запуск 0 задач загрузки параллельно
2025-12-06 00:05:05 - processor - INFO - [image_processor.py:225] - Успешно загружено 0 изображений
2025-12-06 00:05:05 - processor - DEBUG - [image_processor.py:91] - Инициализация AsyncCatImageProcessor с API URL: https://api.thecatapi.com/v1/images/search
2025-12-06 00:05:05 - processor - WARNING - [image_processor.py:93] - API_KEY не найден в переменных окружения
2025-12-06 00:05:05 - asyncio - DEBUG - [selector_events.py:59] - Using selector: KqueueSelector
2025-12-06 00:05:05 - processor - DEBUG - [image_processor.py:91] - Инициализация AsyncCatImageProcessor с API URL: https://api.thecatapi.com/v1/images/search
2025-12-06 00:05:05 - processor - INFO - [image_processor.py:181] - Начало асинхронной загрузки 2 изображений...
2025-12-06 00:05:05 - processor - DEBUG - [image_processor.py:192] - Создана/проверена директория: /var/folders/68/tgy4v3td5znfp3524npkh0vw0000gn/T/test_output_6xo0syqu
2025-12-06 00:05:05 - processor - DEBUG - [image_processor.py:200] - Параметры запроса к API: {'limit': 2, 'api_key': 'test_api_key', 'has_breed': 1}
2025-12-06 00:05:05 - processor - DEBUG - [image_processor.py:205] - Отправка запроса к API: https://api.thecatapi.com/v1/images/search
2025-12-06 00:05:05 - processor - INFO - [image_processor.py:210] - Получено 2 изображений от API
2025-12-06 00:05:05 - processor - DEBUG - [image_processor.py:219] - Создана задача загрузки для изображения 1
2025-12-06 00:05:05 - processor - DEBUG - [image_processor.py:219] - Создана задача загрузки для изображения 2
2025-12-06 00:05:05 - processor - DEBUG - [image_processor.py:222] - Запуск 2 задач загрузки параллельно
2025-12-06 00:05:05 - processor - INFO - [image_processor.py:111] - Начало загрузки изображения 1
2025-12-06 00:05:05 - processor - DEBUG - [image_processor.py:116] - Изображение 1 - ключи данных: ['url', 'breeds']
2025-12-06 00:05:05 - processor - DEBUG - [image_processor.py:119] - Изображение 1 - информация о породах: [{'name': 'TestBreed1'}]
2025-12-06 00:05:05 - processor - DEBUG - [image_processor.py:125] - Изображение 1 успешно загружено, размер: 17 байт
2025-12-06 00:05:05 - processor - DEBUG - [image_processor.py:135] - Изображение 1 - определена порода: testbreed1
2025-12-06 00:05:05 - processor - ERROR - [image_processor.py:166] - Ошибка загрузки изображения 1: __aenter__
Traceback (most recent call last):
  File "/Users/daschaiva/6401ivanovadm/lab5/processor/image_processor.py", line 143, in download_single_image
    async with aiofiles.open(original_path, 'wb') as f:
AttributeError: __aenter__
2025-12-06 00:05:05 - processor - INFO - [image_processor.py:111] - Начало загрузки изображения 2
2025-12-06 00:05:05 - processor - DEBUG - [image_processor.py:116] - Изображение 2 - ключи данных: ['url', 'breeds']
2025-12-06 00:05:05 - processor - DEBUG - [image_processor.py:119] - Изображение 2 - информация о породах: [{'name': 'TestBreed2'}]
2025-12-06 00:05:05 - processor - DEBUG - [image_processor.py:125] - Изображение 2 успешно загружено, размер: 17 байт
2025-12-06 00:05:05 - processor - DEBUG - [image_processor.py:135] - Изображение 2 - определена порода: testbreed2
2025-12-06 00:05:05 - processor - ERROR - [image_processor.py:166] - Ошибка загрузки изображения 2: __aenter__
Traceback (most recent call last):
  File "/Users/daschaiva/6401ivanovadm/lab5/processor/image_processor.py", line 143, in download_single_image
    async with aiofiles.open(original_path, 'wb') as f:
AttributeError: __aenter__
2025-12-06 00:05:05 - processor - INFO - [image_processor.py:225] - Успешно загружено 0 изображений
2025-12-06 00:05:05 - processor - DEBUG - [image_processor.py:91] - Инициализация AsyncCatImageProcessor с API URL: https://api.thecatapi.com/v1/images/search
2025-12-06 00:05:05 - processor - DEBUG - [image_processor.py:321] - Формирование статистики по обработанным изображениям
2025-12-06 00:05:05 - processor - DEBUG - [image_processor.py:341] - Статистика сформирована: {'total_images': 0, 'color_images': 0, 'grayscale_images': 0, 'breeds': [], 'shapes': []}
2025-12-06 00:05:05 - processor - DEBUG - [image_processor.py:91] - Инициализация AsyncCatImageProcessor с API URL: https://api.thecatapi.com/v1/images/search
2025-12-06 00:05:05 - processor - DEBUG - [image_processor.py:321] - Формирование статистики по обработанным изображениям
2025-12-06 00:05:05 - processor - DEBUG - [image_processor.py:341] - Статистика сформирована: {'total_images': 3, 'color_images': 2, 'grayscale_images': 1, 'breeds': ['Breed1', 'Breed2'], 'shapes': [(100, 100, 3), (150, 150), (120, 120, 3)]}
2025-12-06 00:05:05 - processor - DEBUG - [image_processor.py:91] - Инициализация AsyncCatImageProcessor с API URL: https://api.thecatapi.com/v1/images/search
2025-12-06 00:05:05 - processor - DEBUG - [image_processor.py:91] - Инициализация AsyncCatImageProcessor с API URL: https://api.thecatapi.com/v1/images/search
2025-12-06 00:05:05 - processor - INFO - [image_processor.py:245] - Начало параллельной обработки изображений...
2025-12-06 00:05:05 - processor - WARNING - [image_processor.py:249] - Нет изображений для обработки
2025-12-06 00:05:05 - processor - DEBUG - [image_processor.py:91] - Инициализация AsyncCatImageProcessor с API URL: https://api.thecatapi.com/v1/images/search
2025-12-06 00:05:05 - processor - INFO - [image_processor.py:245] - Начало параллельной обработки изображений...
2025-12-06 00:05:05 - processor - INFO - [image_processor.py:253] - Количество изображений для обработки: 1
2025-12-06 00:05:05 - processor - DEBUG - [image_processor.py:257] - Изображения отсортированы по индексу
2025-12-06 00:05:05 - processor - DEBUG - [image_processor.py:261] - Создан ProcessPoolExecutor для параллельной обработки
2025-12-06 00:05:05 - processor - DEBUG - [image_processor.py:265] - Создано 1 задач обработки
2025-12-06 00:05:05 - root - DEBUG - [logging_config.py:58] - Логирование настроено: файл logs/app.log и консоль
2025-12-06 00:05:05 - processor.process - DEBUG - [image_processor.py:45] - Начало свертки для изображения 1 (PID 71329)
2025-12-06 00:05:05 - processor.process - DEBUG - [image_processor.py:51] - Изображение 1 - цветное, порода: TestBreed
2025-12-06 00:05:05 - processor.process - DEBUG - [image_processor.py:60] - Обработка изображения 1 завершена
2025-12-06 00:05:05 - processor.process - DEBUG - [image_processor.py:66] - Свертка для изображения 1 завершена (PID 71329)
2025-12-06 00:05:05 - processor - INFO - [image_processor.py:273] - Обработка изображения 1 завершена
2025-12-06 00:05:05 - processor - INFO - [image_processor.py:294] - Сохранение обработанных изображений...
2025-12-06 00:05:05 - processor - INFO - [image_processor.py:306] - Обработанные изображения сохранены: 1_TestBreed
2025-12-06 00:05:05 - processor - INFO - [image_processor.py:283] - Параллельная обработка изображений завершена
2025-12-06 00:05:05 - processor - DEBUG - [image_processor.py:91] - Инициализация AsyncCatImageProcessor с API URL: https://api.thecatapi.com/v1/images/search
2025-12-06 00:05:05 - processor.process - DEBUG - [image_processor.py:45] - Начало свертки для изображения 1 (PID 71324)
2025-12-06 00:05:05 - processor.process - DEBUG - [image_processor.py:51] - Изображение 1 - цветное, порода: TestBreed
2025-12-06 00:05:05 - processor.process - DEBUG - [image_processor.py:60] - Обработка изображения 1 завершена
2025-12-06 00:05:05 - processor.process - DEBUG - [image_processor.py:66] - Свертка для изображения 1 завершена (PID 71324)
2025-12-06 00:05:05 - processor - DEBUG - [image_processor.py:91] - Инициализация AsyncCatImageProcessor с API URL: https://api.thecatapi.com/v1/images/search
2025-12-06 00:05:05 - processor - DEBUG - [image_processor.py:91] - Инициализация AsyncCatImageProcessor с API URL: https://api.thecatapi.com/v1/images/search
2025-12-06 00:05:05 - processor - DEBUG - [image_processor.py:91] - Инициализация AsyncCatImageProcessor с API URL: https://api.thecatapi.com/v1/images/search
2025-12-06 00:05:05 - processor - WARNING - [image_processor.py:93] - API_KEY не найден в переменных окружения
2025-12-06 00:05:05 - processor.process - DEBUG - [image_processor.py:45] - Начало свертки для изображения 1 (PID 71324)
2025-12-06 00:05:05 - processor.process - DEBUG - [image_processor.py:51] - Изображение 1 - цветное, порода: TestColorBreed
2025-12-06 00:05:05 - processor.process - DEBUG - [image_processor.py:60] - Обработка изображения 1 завершена
2025-12-06 00:05:05 - processor.process - DEBUG - [image_processor.py:66] - Свертка для изображения 1 завершена (PID 71324)
2025-12-06 00:05:05 - processor.process - DEBUG - [image_processor.py:45] - Начало свертки для изображения 2 (PID 71324)
2025-12-06 00:05:05 - processor.process - DEBUG - [image_processor.py:54] - Изображение 2 - Ч/Б, порода: TestGrayBreed
2025-12-06 00:05:05 - processor.process - DEBUG - [image_processor.py:60] - Обработка изображения 2 завершена
2025-12-06 00:05:05 - processor.process - DEBUG - [image_processor.py:66] - Свертка для изображения 2 завершена (PID 71324)
2025-12-06 00:05:05 - processor.process - DEBUG - [image_processor.py:45] - Начало свертки для изображения 3 (PID 71324)
2025-12-06 00:05:05 - processor.process - DEBUG - [image_processor.py:51] - Изображение 3 - цветное, порода: Test Breed/With Special@Chars#123
2025-12-06 00:05:05 - processor.process - DEBUG - [image_processor.py:60] - Обработка изображения 3 завершена
2025-12-06 00:05:05 - processor.process - DEBUG - [image_processor.py:66] - Свертка для изображения 3 завершена (PID 71324)
2025-12-06 01:30:17 - root - DEBUG - [logging_config.py:58] - Логирование настроено: файл ../logs/app.log и консоль
2025-12-06 01:30:47 - root - DEBUG - [logging_config.py:58] - Логирование настроено: файл ../logs/app.log и консоль
2025-12-06 01:30:47 - processor - DEBUG - [image_processor.py:91] - Инициализация AsyncCatImageProcessor с API URL: https://api.thecatapi.com/v1/images/search
2025-12-06 01:30:47 - processor - DEBUG - [image_processor.py:321] - Формирование статистики по обработанным изображениям
2025-12-06 01:30:47 - processor - DEBUG - [image_processor.py:341] - Статистика сформирована: {'total_images': 0, 'color_images': 0, 'grayscale_images': 0, 'breeds': [], 'shapes': []}
2025-12-06 01:41:06 - root - DEBUG - [logging_config.py:58] - Логирование настроено: файл ../logs/app.log и консоль
2025-12-06 01:41:06 - processor - DEBUG - [image_processor.py:91] - Инициализация AsyncCatImageProcessor с API URL: https://api.thecatapi.com/v1/images/search
2025-12-06 01:41:06 - processor - DEBUG - [image_processor.py:321] - Формирование статистики по обработанным изображениям
2025-12-06 01:41:06 - processor - DEBUG - [image_processor.py:341] - Статистика сформирована: {'total_images': 0, 'color_images': 0, 'grayscale_images': 0, 'breeds': [], 'shapes': []}
2025-12-06 01:55:38 - root - DEBUG - [logging_config.py:58] - Логирование настроено: файл ../logs/app.log и консоль
2025-12-06 01:55:39 - processor - DEBUG - [image_processor.py:91] - Инициализация AsyncCatImageProcessor с API URL: https://api.thecatapi.com/v1/images/search
2025-12-06 01:55:39 - processor - DEBUG - [image_processor.py:321] - Формирование статистики по обработанным изображениям
2025-12-06 01:55:39 - processor - DEBUG - [image_processor.py:341] - Статистика сформирована: {'total_images': 0, 'color_images': 0, 'grayscale_images': 0, 'breeds': [], 'shapes': []}
2025-12-06 01:55:39 - processor - DEBUG - [image_processor.py:91] - Инициализация AsyncCatImageProcessor с API URL: https://api.thecatapi.com/v1/images/search
2025-12-06 01:55:39 - processor - DEBUG - [image_processor.py:321] - Формирование статистики по обработанным изображениям
2025-12-06 01:55:39 - processor - DEBUG - [image_processor.py:341] - Статистика сформирована: {'total_images': 2, 'color_images': 1, 'grayscale_images': 1, 'breeds': ['Breed1', 'Breed2'], 'shapes': [(100, 100, 3), (150, 150)]}
2025-12-06 01:55:39 - processor - DEBUG - [image_processor.py:91] - Инициализация AsyncCatImageProcessor с API URL: https://api.thecatapi.com/v1/images/search
2025-12-06 01:55:39 - processor.process - DEBUG - [image_processor.py:45] - Начало свертки для изображения 1 (PID 72858)
2025-12-06 01:55:39 - processor.process - DEBUG - [image_processor.py:51] - Изображение 1 - цветное, порода: TestBreed
2025-12-06 01:55:39 - processor.process - DEBUG - [image_processor.py:60] - Обработка изображения 1 завершена
2025-12-06 01:55:39 - processor.process - DEBUG - [image_processor.py:66] - Свертка для изображения 1 завершена (PID 72858)
2025-12-06 01:55:39 - asyncio - DEBUG - [selector_events.py:59] - Using selector: KqueueSelector
2025-12-06 01:55:39 - processor - DEBUG - [image_processor.py:91] - Инициализация AsyncCatImageProcessor с API URL: https://api.thecatapi.com/v1/images/search
2025-12-06 01:55:39 - processor - INFO - [image_processor.py:181] - Начало асинхронной загрузки 1 изображений...
2025-12-06 01:55:39 - processor - DEBUG - [image_processor.py:192] - Создана/проверена директория: /tmp
2025-12-06 01:55:39 - processor - DEBUG - [image_processor.py:200] - Параметры запроса к API: {'limit': 1, 'api_key': 'test_key', 'has_breed': 1}
2025-12-06 01:55:39 - processor - DEBUG - [image_processor.py:205] - Отправка запроса к API: https://api.thecatapi.com/v1/images/search
2025-12-06 01:55:39 - processor - INFO - [image_processor.py:210] - Получено 1 изображений от API
2025-12-06 01:55:39 - processor - DEBUG - [image_processor.py:219] - Создана задача загрузки для изображения 1
2025-12-06 01:55:39 - processor - DEBUG - [image_processor.py:222] - Запуск 1 задач загрузки параллельно
2025-12-06 01:55:39 - processor - INFO - [image_processor.py:111] - Начало загрузки изображения 1
2025-12-06 01:55:39 - processor - DEBUG - [image_processor.py:116] - Изображение 1 - ключи данных: ['url', 'breeds']
2025-12-06 01:55:39 - processor - DEBUG - [image_processor.py:119] - Изображение 1 - информация о породах: [{'name': 'TestBreed'}]
2025-12-06 01:55:39 - processor - DEBUG - [image_processor.py:125] - Изображение 1 успешно загружено, размер: 0 байт
2025-12-06 01:55:39 - processor - ERROR - [image_processor.py:166] - Ошибка загрузки изображения 1: a bytes-like object is required, not 'AsyncMock'
Traceback (most recent call last):
  File "/Users/daschaiva/6401ivanovadm/lab5/сat_processor/processor/image_processor.py", line 128, in download_single_image
    image = Image.open(io.BytesIO(image_content))
TypeError: a bytes-like object is required, not 'AsyncMock'
2025-12-06 01:55:39 - processor - INFO - [image_processor.py:225] - Успешно загружено 0 изображений
2025-12-06 01:57:18 - root - DEBUG - [logging_config.py:58] - Логирование настроено: файл ../logs/app.log и консоль
2025-12-06 01:57:18 - processor - DEBUG - [image_processor.py:91] - Инициализация AsyncCatImageProcessor с API URL: https://api.thecatapi.com/v1/images/search
2025-12-06 01:57:18 - processor - DEBUG - [image_processor.py:321] - Формирование статистики по обработанным изображениям
2025-12-06 01:57:18 - processor - DEBUG - [image_processor.py:341] - Статистика сформирована: {'total_images': 0, 'color_images': 0, 'grayscale_images': 0, 'breeds': [], 'shapes': []}
2025-12-06 01:57:18 - processor - DEBUG - [image_processor.py:91] - Инициализация AsyncCatImageProcessor с API URL: https://api.thecatapi.com/v1/images/search
2025-12-06 01:57:18 - processor - DEBUG - [image_processor.py:321] - Формирование статистики по обработанным изображениям
2025-12-06 01:57:18 - processor - DEBUG - [image_processor.py:341] - Статистика сформирована: {'total_images': 2, 'color_images': 1, 'grayscale_images': 1, 'breeds': ['Breed2', 'Breed1'], 'shapes': [(100, 100, 3), (150, 150)]}
2025-12-06 01:57:18 - processor - DEBUG - [image_processor.py:91] - Инициализация AsyncCatImageProcessor с API URL: https://api.thecatapi.com/v1/images/search
2025-12-06 01:57:18 - processor.process - DEBUG - [image_processor.py:45] - Начало свертки для изображения 1 (PID 72902)
2025-12-06 01:57:18 - processor.process - DEBUG - [image_processor.py:51] - Изображение 1 - цветное, порода: TestBreed
2025-12-06 01:57:18 - processor.process - DEBUG - [image_processor.py:60] - Обработка изображения 1 завершена
2025-12-06 01:57:18 - processor.process - DEBUG - [image_processor.py:66] - Свертка для изображения 1 завершена (PID 72902)
2025-12-06 01:57:18 - asyncio - DEBUG - [selector_events.py:59] - Using selector: KqueueSelector
2025-12-06 01:57:18 - processor - DEBUG - [image_processor.py:91] - Инициализация AsyncCatImageProcessor с API URL: https://api.thecatapi.com/v1/images/search
2025-12-06 01:57:18 - processor - INFO - [image_processor.py:181] - Начало асинхронной загрузки 1 изображений...
2025-12-06 01:57:18 - processor - DEBUG - [image_processor.py:192] - Создана/проверена директория: /tmp
2025-12-06 01:57:18 - processor - DEBUG - [image_processor.py:200] - Параметры запроса к API: {'limit': 1, 'api_key': 'test_key', 'has_breed': 1}
2025-12-06 01:57:18 - processor - DEBUG - [image_processor.py:205] - Отправка запроса к API: https://api.thecatapi.com/v1/images/search
2025-12-06 01:57:18 - processor - INFO - [image_processor.py:210] - Получено 1 изображений от API
2025-12-06 01:57:18 - processor - DEBUG - [image_processor.py:219] - Создана задача загрузки для изображения 1
2025-12-06 01:57:18 - processor - DEBUG - [image_processor.py:222] - Запуск 1 задач загрузки параллельно
2025-12-06 01:57:18 - processor - INFO - [image_processor.py:111] - Начало загрузки изображения 1
2025-12-06 01:57:18 - processor - DEBUG - [image_processor.py:116] - Изображение 1 - ключи данных: ['url', 'breeds']
2025-12-06 01:57:18 - processor - DEBUG - [image_processor.py:119] - Изображение 1 - информация о породах: [{'name': 'TestBreed'}]
2025-12-06 01:57:18 - processor - DEBUG - [image_processor.py:125] - Изображение 1 успешно загружено, размер: 0 байт
2025-12-06 01:57:18 - processor - ERROR - [image_processor.py:166] - Ошибка загрузки изображения 1: a bytes-like object is required, not 'AsyncMock'
Traceback (most recent call last):
  File "/Users/daschaiva/6401ivanovadm/lab5/сat_processor/processor/image_processor.py", line 128, in download_single_image
    image = Image.open(io.BytesIO(image_content))
TypeError: a bytes-like object is required, not 'AsyncMock'
2025-12-06 01:57:18 - processor - INFO - [image_processor.py:225] - Успешно загружено 0 изображений
2025-12-06 02:10:14 - root - DEBUG - [logging_config.py:58] - Логирование настроено: файл ../logs/app.log и консоль
2025-12-06 02:15:01 - root - DEBUG - [logging_config.py:58] - Логирование настроено: файл ../logs/app.log и консоль
2025-12-06 02:15:02 - processor - DEBUG - [image_processor.py:98] - Инициализация AsyncCatImageProcessor с API URL: https://api.thecatapi.com/v1/images/search
2025-12-06 02:15:04 - processor - DEBUG - [image_processor.py:328] - Формирование статистики по обработанным изображениям
2025-12-06 02:15:04 - processor - DEBUG - [image_processor.py:348] - Статистика сформирована: {'total_images': 0, 'color_images': 0, 'grayscale_images': 0, 'breeds': [], 'shapes': []}
2025-12-06 02:15:04 - processor - DEBUG - [image_processor.py:98] - Инициализация AsyncCatImageProcessor с API URL: https://api.thecatapi.com/v1/images/search
2025-12-06 02:15:04 - processor - DEBUG - [image_processor.py:328] - Формирование статистики по обработанным изображениям
2025-12-06 02:15:04 - processor - DEBUG - [image_processor.py:348] - Статистика сформирована: {'total_images': 2, 'color_images': 1, 'grayscale_images': 1, 'breeds': ['Breed2', 'Breed1'], 'shapes': [(100, 100, 3), (150, 150)]}
2025-12-06 02:15:04 - processor - DEBUG - [image_processor.py:98] - Инициализация AsyncCatImageProcessor с API URL: https://api.thecatapi.com/v1/images/search
2025-12-06 02:15:04 - processor.process - DEBUG - [image_processor.py:52] - Начало свертки для изображения 1 (PID 73180)
2025-12-06 02:15:04 - processor.process - DEBUG - [image_processor.py:58] - Изображение 1 - цветное, порода: TestBreed
2025-12-06 02:15:04 - processor.process - DEBUG - [image_processor.py:67] - Обработка изображения 1 завершена
2025-12-06 02:15:04 - processor.process - DEBUG - [image_processor.py:73] - Свертка для изображения 1 завершена (PID 73180)
2025-12-06 02:15:04 - asyncio - DEBUG - [selector_events.py:64] - Using selector: KqueueSelector
2025-12-06 02:15:04 - processor - DEBUG - [image_processor.py:98] - Инициализация AsyncCatImageProcessor с API URL: https://api.thecatapi.com/v1/images/search
2025-12-06 02:15:04 - processor - INFO - [image_processor.py:188] - Начало асинхронной загрузки 1 изображений...
2025-12-06 02:15:04 - processor - DEBUG - [image_processor.py:199] - Создана/проверена директория: /tmp
2025-12-06 02:15:04 - processor - DEBUG - [image_processor.py:207] - Параметры запроса к API: {'limit': 1, 'api_key': 'test_key', 'has_breed': 1}
2025-12-06 02:15:04 - processor - DEBUG - [image_processor.py:212] - Отправка запроса к API: https://api.thecatapi.com/v1/images/search
2025-12-06 02:15:04 - processor - INFO - [image_processor.py:217] - Получено 1 изображений от API
2025-12-06 02:15:04 - processor - DEBUG - [image_processor.py:226] - Создана задача загрузки для изображения 1
2025-12-06 02:15:04 - processor - DEBUG - [image_processor.py:229] - Запуск 1 задач загрузки параллельно
2025-12-06 02:15:04 - processor - INFO - [image_processor.py:118] - Начало загрузки изображения 1
2025-12-06 02:15:04 - processor - DEBUG - [image_processor.py:123] - Изображение 1 - ключи данных: ['url', 'breeds']
2025-12-06 02:15:04 - processor - DEBUG - [image_processor.py:126] - Изображение 1 - информация о породах: [{'name': 'TestBreed'}]
2025-12-06 02:15:04 - processor - DEBUG - [image_processor.py:132] - Изображение 1 успешно загружено, размер: 0 байт
2025-12-06 02:15:04 - processor - ERROR - [image_processor.py:173] - Ошибка загрузки изображения 1: a bytes-like object is required, not 'AsyncMock'
Traceback (most recent call last):
  File "/Users/daschaiva/6401ivanovadm/lab5/сat_processor/processor/image_processor.py", line 135, in download_single_image
    image = Image.open(io.BytesIO(image_content))
                       ~~~~~~~~~~^^^^^^^^^^^^^^^
TypeError: a bytes-like object is required, not 'AsyncMock'
2025-12-06 02:15:04 - processor - INFO - [image_processor.py:232] - Успешно загружено 0 изображений
2025-12-06 02:15:49 - root - DEBUG - [logging_config.py:58] - Логирование настроено: файл ../logs/app.log и консоль
2025-12-06 02:15:50 - processor - DEBUG - [image_processor.py:98] - Инициализация AsyncCatImageProcessor с API URL: https://api.thecatapi.com/v1/images/search
2025-12-06 02:15:50 - processor - DEBUG - [image_processor.py:328] - Формирование статистики по обработанным изображениям
2025-12-06 02:15:50 - processor - DEBUG - [image_processor.py:348] - Статистика сформирована: {'total_images': 0, 'color_images': 0, 'grayscale_images': 0, 'breeds': [], 'shapes': []}
2025-12-06 02:15:50 - processor - DEBUG - [image_processor.py:98] - Инициализация AsyncCatImageProcessor с API URL: https://api.thecatapi.com/v1/images/search
2025-12-06 02:15:50 - processor - DEBUG - [image_processor.py:328] - Формирование статистики по обработанным изображениям
2025-12-06 02:15:50 - processor - DEBUG - [image_processor.py:348] - Статистика сформирована: {'total_images': 2, 'color_images': 1, 'grayscale_images': 1, 'breeds': ['Breed1', 'Breed2'], 'shapes': [(100, 100, 3), (150, 150)]}
2025-12-06 02:15:50 - processor - DEBUG - [image_processor.py:98] - Инициализация AsyncCatImageProcessor с API URL: https://api.thecatapi.com/v1/images/search
2025-12-06 02:15:50 - processor.process - DEBUG - [image_processor.py:52] - Начало свертки для изображения 1 (PID 73199)
2025-12-06 02:15:50 - processor.process - DEBUG - [image_processor.py:58] - Изображение 1 - цветное, порода: TestBreed
2025-12-06 02:15:50 - processor.process - DEBUG - [image_processor.py:67] - Обработка изображения 1 завершена
2025-12-06 02:15:50 - processor.process - DEBUG - [image_processor.py:73] - Свертка для изображения 1 завершена (PID 73199)
2025-12-06 02:15:50 - asyncio - DEBUG - [selector_events.py:64] - Using selector: KqueueSelector
2025-12-06 02:15:50 - processor - DEBUG - [image_processor.py:98] - Инициализация AsyncCatImageProcessor с API URL: https://api.thecatapi.com/v1/images/search
2025-12-06 02:15:50 - processor - INFO - [image_processor.py:188] - Начало асинхронной загрузки 1 изображений...
2025-12-06 02:15:50 - processor - DEBUG - [image_processor.py:199] - Создана/проверена директория: /tmp
2025-12-06 02:15:50 - processor - DEBUG - [image_processor.py:207] - Параметры запроса к API: {'limit': 1, 'api_key': 'test_key', 'has_breed': 1}
2025-12-06 02:15:50 - processor - DEBUG - [image_processor.py:212] - Отправка запроса к API: https://api.thecatapi.com/v1/images/search
2025-12-06 02:15:50 - processor - INFO - [image_processor.py:217] - Получено 1 изображений от API
2025-12-06 02:15:50 - processor - DEBUG - [image_processor.py:226] - Создана задача загрузки для изображения 1
2025-12-06 02:15:50 - processor - DEBUG - [image_processor.py:229] - Запуск 1 задач загрузки параллельно
2025-12-06 02:15:50 - processor - INFO - [image_processor.py:118] - Начало загрузки изображения 1
2025-12-06 02:15:50 - processor - DEBUG - [image_processor.py:123] - Изображение 1 - ключи данных: ['url', 'breeds']
2025-12-06 02:15:50 - processor - DEBUG - [image_processor.py:126] - Изображение 1 - информация о породах: [{'name': 'TestBreed'}]
2025-12-06 02:15:50 - processor - DEBUG - [image_processor.py:132] - Изображение 1 успешно загружено, размер: 0 байт
2025-12-06 02:15:50 - processor - ERROR - [image_processor.py:173] - Ошибка загрузки изображения 1: a bytes-like object is required, not 'AsyncMock'
Traceback (most recent call last):
  File "/Users/daschaiva/6401ivanovadm/lab5/сat_processor/processor/image_processor.py", line 135, in download_single_image
    image = Image.open(io.BytesIO(image_content))
                       ~~~~~~~~~~^^^^^^^^^^^^^^^
TypeError: a bytes-like object is required, not 'AsyncMock'
2025-12-06 02:15:50 - processor - INFO - [image_processor.py:232] - Успешно загружено 0 изображений
2025-12-06 02:16:04 - root - DEBUG - [logging_config.py:58] - Логирование настроено: файл ../logs/app.log и консоль
2025-12-06 02:16:04 - processor - DEBUG - [image_processor.py:98] - Инициализация AsyncCatImageProcessor с API URL: https://api.thecatapi.com/v1/images/search
2025-12-06 02:16:04 - processor - DEBUG - [image_processor.py:328] - Формирование статистики по обработанным изображениям
2025-12-06 02:16:04 - processor - DEBUG - [image_processor.py:348] - Статистика сформирована: {'total_images': 0, 'color_images': 0, 'grayscale_images': 0, 'breeds': [], 'shapes': []}
2025-12-06 02:16:04 - processor - DEBUG - [image_processor.py:98] - Инициализация AsyncCatImageProcessor с API URL: https://api.thecatapi.com/v1/images/search
2025-12-06 02:16:04 - processor - DEBUG - [image_processor.py:328] - Формирование статистики по обработанным изображениям
2025-12-06 02:16:04 - processor - DEBUG - [image_processor.py:348] - Статистика сформирована: {'total_images': 2, 'color_images': 1, 'grayscale_images': 1, 'breeds': ['Breed1', 'Breed2'], 'shapes': [(100, 100, 3), (150, 150)]}
2025-12-06 02:16:04 - processor - DEBUG - [image_processor.py:98] - Инициализация AsyncCatImageProcessor с API URL: https://api.thecatapi.com/v1/images/search
2025-12-06 02:16:04 - processor.process - DEBUG - [image_processor.py:52] - Начало свертки для изображения 1 (PID 73209)
2025-12-06 02:16:04 - processor.process - DEBUG - [image_processor.py:58] - Изображение 1 - цветное, порода: TestBreed
2025-12-06 02:16:04 - processor.process - DEBUG - [image_processor.py:67] - Обработка изображения 1 завершена
2025-12-06 02:16:04 - processor.process - DEBUG - [image_processor.py:73] - Свертка для изображения 1 завершена (PID 73209)
2025-12-06 02:16:04 - asyncio - DEBUG - [selector_events.py:64] - Using selector: KqueueSelector
2025-12-06 02:16:04 - processor - DEBUG - [image_processor.py:98] - Инициализация AsyncCatImageProcessor с API URL: https://api.thecatapi.com/v1/images/search
2025-12-06 02:16:04 - processor - INFO - [image_processor.py:188] - Начало асинхронной загрузки 1 изображений...
2025-12-06 02:16:04 - processor - DEBUG - [image_processor.py:199] - Создана/проверена директория: /tmp
2025-12-06 02:16:04 - processor - DEBUG - [image_processor.py:207] - Параметры запроса к API: {'limit': 1, 'api_key': 'test_key', 'has_breed': 1}
2025-12-06 02:16:04 - processor - DEBUG - [image_processor.py:212] - Отправка запроса к API: https://api.thecatapi.com/v1/images/search
2025-12-06 02:16:04 - processor - INFO - [image_processor.py:217] - Получено 1 изображений от API
2025-12-06 02:16:04 - processor - DEBUG - [image_processor.py:226] - Создана задача загрузки для изображения 1
2025-12-06 02:16:04 - processor - DEBUG - [image_processor.py:229] - Запуск 1 задач загрузки параллельно
2025-12-06 02:16:04 - processor - INFO - [image_processor.py:118] - Начало загрузки изображения 1
2025-12-06 02:16:04 - processor - DEBUG - [image_processor.py:123] - Изображение 1 - ключи данных: ['url', 'breeds']
2025-12-06 02:16:04 - processor - DEBUG - [image_processor.py:126] - Изображение 1 - информация о породах: [{'name': 'TestBreed'}]
2025-12-06 02:16:04 - processor - DEBUG - [image_processor.py:132] - Изображение 1 успешно загружено, размер: 0 байт
2025-12-06 02:16:04 - processor - ERROR - [image_processor.py:173] - Ошибка загрузки изображения 1: a bytes-like object is required, not 'AsyncMock'
Traceback (most recent call last):
  File "/Users/daschaiva/6401ivanovadm/lab5/сat_processor/processor/image_processor.py", line 135, in download_single_image
    image = Image.open(io.BytesIO(image_content))
                       ~~~~~~~~~~^^^^^^^^^^^^^^^
TypeError: a bytes-like object is required, not 'AsyncMock'
2025-12-06 02:16:04 - processor - INFO - [image_processor.py:232] - Успешно загружено 0 изображений
2025-12-06 02:19:13 - root - DEBUG - [logging_config.py:58] - Логирование настроено: файл ../logs/app.log и консоль
2025-12-06 02:19:13 - processor - DEBUG - [image_processor.py:98] - Инициализация AsyncCatImageProcessor с API URL: https://api.thecatapi.com/v1/images/search
2025-12-06 02:19:13 - processor - DEBUG - [image_processor.py:328] - Формирование статистики по обработанным изображениям
2025-12-06 02:19:13 - processor - DEBUG - [image_processor.py:348] - Статистика сформирована: {'total_images': 0, 'color_images': 0, 'grayscale_images': 0, 'breeds': [], 'shapes': []}
2025-12-06 02:19:13 - processor - DEBUG - [image_processor.py:98] - Инициализация AsyncCatImageProcessor с API URL: https://api.thecatapi.com/v1/images/search
2025-12-06 02:19:13 - processor - DEBUG - [image_processor.py:328] - Формирование статистики по обработанным изображениям
2025-12-06 02:19:13 - processor - DEBUG - [image_processor.py:348] - Статистика сформирована: {'total_images': 2, 'color_images': 1, 'grayscale_images': 1, 'breeds': ['Breed1', 'Breed2'], 'shapes': [(100, 100, 3), (150, 150)]}
2025-12-06 02:19:13 - processor - DEBUG - [image_processor.py:98] - Инициализация AsyncCatImageProcessor с API URL: https://api.thecatapi.com/v1/images/search
2025-12-06 02:19:13 - processor.process - DEBUG - [image_processor.py:52] - Начало свертки для изображения 1 (PID 73221)
2025-12-06 02:19:13 - processor.process - DEBUG - [image_processor.py:58] - Изображение 1 - цветное, порода: TestBreed
2025-12-06 02:19:13 - processor.process - DEBUG - [image_processor.py:67] - Обработка изображения 1 завершена
2025-12-06 02:19:13 - processor.process - DEBUG - [image_processor.py:73] - Свертка для изображения 1 завершена (PID 73221)
2025-12-06 02:19:13 - asyncio - DEBUG - [selector_events.py:64] - Using selector: KqueueSelector
2025-12-06 02:19:13 - processor - DEBUG - [image_processor.py:98] - Инициализация AsyncCatImageProcessor с API URL: https://api.thecatapi.com/v1/images/search
2025-12-06 02:19:13 - processor - INFO - [image_processor.py:188] - Начало асинхронной загрузки 1 изображений...
2025-12-06 02:19:13 - processor - DEBUG - [image_processor.py:199] - Создана/проверена директория: /tmp
2025-12-06 02:19:13 - processor - DEBUG - [image_processor.py:207] - Параметры запроса к API: {'limit': 1, 'api_key': 'test_key', 'has_breed': 1}
2025-12-06 02:19:13 - processor - DEBUG - [image_processor.py:212] - Отправка запроса к API: https://api.thecatapi.com/v1/images/search
2025-12-06 02:19:13 - processor - INFO - [image_processor.py:217] - Получено 1 изображений от API
2025-12-06 02:19:13 - processor - DEBUG - [image_processor.py:226] - Создана задача загрузки для изображения 1
2025-12-06 02:19:13 - processor - DEBUG - [image_processor.py:229] - Запуск 1 задач загрузки параллельно
2025-12-06 02:19:13 - processor - INFO - [image_processor.py:118] - Начало загрузки изображения 1
2025-12-06 02:19:13 - processor - DEBUG - [image_processor.py:123] - Изображение 1 - ключи данных: ['url', 'breeds']
2025-12-06 02:19:13 - processor - DEBUG - [image_processor.py:126] - Изображение 1 - информация о породах: [{'name': 'TestBreed'}]
2025-12-06 02:19:13 - processor - DEBUG - [image_processor.py:132] - Изображение 1 успешно загружено, размер: 0 байт
2025-12-06 02:19:13 - processor - ERROR - [image_processor.py:173] - Ошибка загрузки изображения 1: a bytes-like object is required, not 'AsyncMock'
Traceback (most recent call last):
  File "/Users/daschaiva/6401ivanovadm/lab5/сat_processor/processor/image_processor.py", line 135, in download_single_image
    image = Image.open(io.BytesIO(image_content))
                       ~~~~~~~~~~^^^^^^^^^^^^^^^
TypeError: a bytes-like object is required, not 'AsyncMock'
2025-12-06 02:19:13 - processor - INFO - [image_processor.py:232] - Успешно загружено 0 изображений
2025-12-06 02:21:54 - root - DEBUG - [logging_config.py:58] - Логирование настроено: файл ../logs/app.log и консоль
2025-12-06 02:21:54 - processor - DEBUG - [image_processor.py:98] - Инициализация AsyncCatImageProcessor с API URL: https://api.thecatapi.com/v1/images/search
2025-12-06 02:21:54 - processor - DEBUG - [image_processor.py:328] - Формирование статистики по обработанным изображениям
2025-12-06 02:21:54 - processor - DEBUG - [image_processor.py:348] - Статистика сформирована: {'total_images': 0, 'color_images': 0, 'grayscale_images': 0, 'breeds': [], 'shapes': []}
2025-12-06 02:21:54 - processor - DEBUG - [image_processor.py:98] - Инициализация AsyncCatImageProcessor с API URL: https://api.thecatapi.com/v1/images/search
2025-12-06 02:21:54 - processor - DEBUG - [image_processor.py:328] - Формирование статистики по обработанным изображениям
2025-12-06 02:21:54 - processor - DEBUG - [image_processor.py:348] - Статистика сформирована: {'total_images': 2, 'color_images': 1, 'grayscale_images': 1, 'breeds': ['Breed2', 'Breed1'], 'shapes': [(100, 100, 3), (150, 150)]}
2025-12-06 02:21:54 - processor - DEBUG - [image_processor.py:98] - Инициализация AsyncCatImageProcessor с API URL: https://api.thecatapi.com/v1/images/search
2025-12-06 02:21:54 - processor.process - DEBUG - [image_processor.py:52] - Начало свертки для изображения 1 (PID 73263)
2025-12-06 02:21:54 - processor.process - DEBUG - [image_processor.py:58] - Изображение 1 - цветное, порода: TestBreed
2025-12-06 02:21:54 - processor.process - DEBUG - [image_processor.py:67] - Обработка изображения 1 завершена
2025-12-06 02:21:54 - processor.process - DEBUG - [image_processor.py:73] - Свертка для изображения 1 завершена (PID 73263)
2025-12-06 02:21:54 - asyncio - DEBUG - [selector_events.py:64] - Using selector: KqueueSelector
2025-12-06 02:21:54 - processor - DEBUG - [image_processor.py:98] - Инициализация AsyncCatImageProcessor с API URL: https://api.thecatapi.com/v1/images/search
2025-12-06 02:21:54 - processor - INFO - [image_processor.py:188] - Начало асинхронной загрузки 1 изображений...
2025-12-06 02:21:54 - processor - DEBUG - [image_processor.py:199] - Создана/проверена директория: /tmp
2025-12-06 02:21:54 - processor - DEBUG - [image_processor.py:207] - Параметры запроса к API: {'limit': 1, 'api_key': 'test_key', 'has_breed': 1}
2025-12-06 02:21:54 - processor - DEBUG - [image_processor.py:212] - Отправка запроса к API: https://api.thecatapi.com/v1/images/search
2025-12-06 02:21:54 - processor - INFO - [image_processor.py:217] - Получено 1 изображений от API
2025-12-06 02:21:54 - processor - DEBUG - [image_processor.py:226] - Создана задача загрузки для изображения 1
2025-12-06 02:21:54 - processor - DEBUG - [image_processor.py:229] - Запуск 1 задач загрузки параллельно
2025-12-06 02:21:54 - processor - INFO - [image_processor.py:118] - Начало загрузки изображения 1
2025-12-06 02:21:54 - processor - DEBUG - [image_processor.py:123] - Изображение 1 - ключи данных: ['url', 'breeds']
2025-12-06 02:21:54 - processor - DEBUG - [image_processor.py:126] - Изображение 1 - информация о породах: [{'name': 'TestBreed'}]
2025-12-06 02:21:54 - processor - DEBUG - [image_processor.py:132] - Изображение 1 успешно загружено, размер: 0 байт
2025-12-06 02:21:54 - processor - ERROR - [image_processor.py:173] - Ошибка загрузки изображения 1: a bytes-like object is required, not 'AsyncMock'
Traceback (most recent call last):
  File "/Users/daschaiva/6401ivanovadm/lab5/сat_processor/processor/image_processor.py", line 135, in download_single_image
    image = Image.open(io.BytesIO(image_content))
                       ~~~~~~~~~~^^^^^^^^^^^^^^^
TypeError: a bytes-like object is required, not 'AsyncMock'
2025-12-06 02:21:54 - processor - INFO - [image_processor.py:232] - Успешно загружено 0 изображений
2025-12-06 02:23:32 - root - DEBUG - [logging_config.py:58] - Логирование настроено: файл ../logs/app.log и консоль
2025-12-06 02:23:32 - processor - DEBUG - [image_processor.py:98] - Инициализация AsyncCatImageProcessor с API URL: https://api.thecatapi.com/v1/images/search
2025-12-06 02:23:32 - processor - DEBUG - [image_processor.py:328] - Формирование статистики по обработанным изображениям
2025-12-06 02:23:32 - processor - DEBUG - [image_processor.py:348] - Статистика сформирована: {'total_images': 0, 'color_images': 0, 'grayscale_images': 0, 'breeds': [], 'shapes': []}
2025-12-06 02:23:32 - processor - DEBUG - [image_processor.py:98] - Инициализация AsyncCatImageProcessor с API URL: https://api.thecatapi.com/v1/images/search
2025-12-06 02:23:32 - processor - DEBUG - [image_processor.py:328] - Формирование статистики по обработанным изображениям
2025-12-06 02:23:32 - processor - DEBUG - [image_processor.py:348] - Статистика сформирована: {'total_images': 2, 'color_images': 1, 'grayscale_images': 1, 'breeds': ['Breed1', 'Breed2'], 'shapes': [(100, 100, 3), (150, 150)]}
2025-12-06 02:23:32 - processor - DEBUG - [image_processor.py:98] - Инициализация AsyncCatImageProcessor с API URL: https://api.thecatapi.com/v1/images/search
2025-12-06 02:23:32 - processor.process - DEBUG - [image_processor.py:52] - Начало свертки для изображения 1 (PID 73281)
2025-12-06 02:23:32 - processor.process - DEBUG - [image_processor.py:58] - Изображение 1 - цветное, порода: TestBreed
2025-12-06 02:23:32 - processor.process - DEBUG - [image_processor.py:67] - Обработка изображения 1 завершена
2025-12-06 02:23:32 - processor.process - DEBUG - [image_processor.py:73] - Свертка для изображения 1 завершена (PID 73281)
2025-12-06 02:23:32 - asyncio - DEBUG - [selector_events.py:64] - Using selector: KqueueSelector
2025-12-06 02:23:32 - processor - DEBUG - [image_processor.py:98] - Инициализация AsyncCatImageProcessor с API URL: https://api.thecatapi.com/v1/images/search
2025-12-06 02:23:32 - processor - INFO - [image_processor.py:188] - Начало асинхронной загрузки 1 изображений...
2025-12-06 02:23:32 - processor - DEBUG - [image_processor.py:199] - Создана/проверена директория: /tmp
2025-12-06 02:23:32 - processor - DEBUG - [image_processor.py:207] - Параметры запроса к API: {'limit': 1, 'api_key': 'test_key', 'has_breed': 1}
2025-12-06 02:23:32 - processor - DEBUG - [image_processor.py:212] - Отправка запроса к API: https://api.thecatapi.com/v1/images/search
2025-12-06 02:23:32 - processor - INFO - [image_processor.py:217] - Получено 1 изображений от API
2025-12-06 02:23:32 - processor - DEBUG - [image_processor.py:226] - Создана задача загрузки для изображения 1
2025-12-06 02:23:32 - processor - DEBUG - [image_processor.py:229] - Запуск 1 задач загрузки параллельно
2025-12-06 02:23:32 - processor - INFO - [image_processor.py:118] - Начало загрузки изображения 1
2025-12-06 02:23:32 - processor - DEBUG - [image_processor.py:123] - Изображение 1 - ключи данных: ['url', 'breeds']
2025-12-06 02:23:32 - processor - DEBUG - [image_processor.py:126] - Изображение 1 - информация о породах: [{'name': 'TestBreed'}]
2025-12-06 02:23:32 - processor - DEBUG - [image_processor.py:132] - Изображение 1 успешно загружено, размер: 0 байт
2025-12-06 02:23:32 - processor - ERROR - [image_processor.py:173] - Ошибка загрузки изображения 1: a bytes-like object is required, not 'AsyncMock'
Traceback (most recent call last):
  File "/Users/daschaiva/6401ivanovadm/lab5/сat_processor/processor/image_processor.py", line 135, in download_single_image
    image = Image.open(io.BytesIO(image_content))
                       ~~~~~~~~~~^^^^^^^^^^^^^^^
TypeError: a bytes-like object is required, not 'AsyncMock'
2025-12-06 02:23:32 - processor - INFO - [image_processor.py:232] - Успешно загружено 0 изображений
2025-12-06 02:23:40 - root - DEBUG - [logging_config.py:58] - Логирование настроено: файл ../logs/app.log и консоль
2025-12-06 02:23:40 - processor - DEBUG - [image_processor.py:98] - Инициализация AsyncCatImageProcessor с API URL: https://api.thecatapi.com/v1/images/search
2025-12-06 02:23:40 - processor - DEBUG - [image_processor.py:328] - Формирование статистики по обработанным изображениям
2025-12-06 02:23:40 - processor - DEBUG - [image_processor.py:348] - Статистика сформирована: {'total_images': 0, 'color_images': 0, 'grayscale_images': 0, 'breeds': [], 'shapes': []}
2025-12-06 02:23:40 - processor - DEBUG - [image_processor.py:98] - Инициализация AsyncCatImageProcessor с API URL: https://api.thecatapi.com/v1/images/search
2025-12-06 02:23:40 - processor - DEBUG - [image_processor.py:328] - Формирование статистики по обработанным изображениям
2025-12-06 02:23:40 - processor - DEBUG - [image_processor.py:348] - Статистика сформирована: {'total_images': 2, 'color_images': 1, 'grayscale_images': 1, 'breeds': ['Breed2', 'Breed1'], 'shapes': [(100, 100, 3), (150, 150)]}
2025-12-06 02:23:40 - processor - DEBUG - [image_processor.py:98] - Инициализация AsyncCatImageProcessor с API URL: https://api.thecatapi.com/v1/images/search
2025-12-06 02:23:40 - processor.process - DEBUG - [image_processor.py:52] - Начало свертки для изображения 1 (PID 73289)
2025-12-06 02:23:40 - processor.process - DEBUG - [image_processor.py:58] - Изображение 1 - цветное, порода: TestBreed
2025-12-06 02:23:40 - processor.process - DEBUG - [image_processor.py:67] - Обработка изображения 1 завершена
2025-12-06 02:23:40 - processor.process - DEBUG - [image_processor.py:73] - Свертка для изображения 1 завершена (PID 73289)
2025-12-06 02:23:40 - asyncio - DEBUG - [selector_events.py:64] - Using selector: KqueueSelector
2025-12-06 02:23:40 - processor - DEBUG - [image_processor.py:98] - Инициализация AsyncCatImageProcessor с API URL: https://api.thecatapi.com/v1/images/search
2025-12-06 02:23:40 - processor - INFO - [image_processor.py:188] - Начало асинхронной загрузки 1 изображений...
2025-12-06 02:23:40 - processor - DEBUG - [image_processor.py:199] - Создана/проверена директория: /tmp
2025-12-06 02:23:40 - processor - DEBUG - [image_processor.py:207] - Параметры запроса к API: {'limit': 1, 'api_key': 'test_key', 'has_breed': 1}
2025-12-06 02:23:40 - processor - DEBUG - [image_processor.py:212] - Отправка запроса к API: https://api.thecatapi.com/v1/images/search
2025-12-06 02:23:40 - processor - INFO - [image_processor.py:217] - Получено 1 изображений от API
2025-12-06 02:23:40 - processor - DEBUG - [image_processor.py:226] - Создана задача загрузки для изображения 1
2025-12-06 02:23:40 - processor - DEBUG - [image_processor.py:229] - Запуск 1 задач загрузки параллельно
2025-12-06 02:23:40 - processor - INFO - [image_processor.py:118] - Начало загрузки изображения 1
2025-12-06 02:23:40 - processor - DEBUG - [image_processor.py:123] - Изображение 1 - ключи данных: ['url', 'breeds']
2025-12-06 02:23:40 - processor - DEBUG - [image_processor.py:126] - Изображение 1 - информация о породах: [{'name': 'TestBreed'}]
2025-12-06 02:23:40 - processor - DEBUG - [image_processor.py:132] - Изображение 1 успешно загружено, размер: 0 байт
2025-12-06 02:23:40 - processor - ERROR - [image_processor.py:173] - Ошибка загрузки изображения 1: a bytes-like object is required, not 'AsyncMock'
Traceback (most recent call last):
  File "/Users/daschaiva/6401ivanovadm/lab5/сat_processor/processor/image_processor.py", line 135, in download_single_image
    image = Image.open(io.BytesIO(image_content))
                       ~~~~~~~~~~^^^^^^^^^^^^^^^
TypeError: a bytes-like object is required, not 'AsyncMock'
2025-12-06 02:23:40 - processor - INFO - [image_processor.py:232] - Успешно загружено 0 изображений
2025-12-06 02:33:54 - root - DEBUG - [logging_config.py:58] - Логирование настроено: файл ../logs/app.log и консоль
2025-12-06 02:43:00 - root - DEBUG - [logging_config.py:58] - Логирование настроено: файл ../logs/app.log и консоль
2025-12-06 02:44:44 - root - DEBUG - [logging_config.py:58] - Логирование настроено: файл ../logs/app.log и консоль
2025-12-06 02:45:23 - root - DEBUG - [logging_config.py:58] - Логирование настроено: файл ../logs/app.log и консоль
2025-12-06 02:46:07 - root - DEBUG - [logging_config.py:58] - Логирование настроено: файл ../logs/app.log и консоль
2025-12-06 02:46:14 - root - DEBUG - [logging_config.py:58] - Логирование настроено: файл ../logs/app.log и консоль
2025-12-06 02:51:09 - root - DEBUG - [logging_config.py:58] - Логирование настроено: файл ../logs/app.log и консоль
2025-12-06 02:51:12 - root - DEBUG - [logging_config.py:58] - Логирование настроено: файл ../logs/app.log и консоль
2025-12-06 02:55:11 - root - DEBUG - [logging_config.py:58] - Логирование настроено: файл ../logs/app.log и консоль
2025-12-06 02:55:28 - root - DEBUG - [logging_config.py:58] - Логирование настроено: файл ../logs/app.log и консоль
2025-12-06 03:03:28 - root - DEBUG - [logging_config.py:58] - Логирование настроено: файл ../logs/app.log и консоль
2025-12-06 03:03:46 - root - DEBUG - [logging_config.py:58] - Логирование настроено: файл ../logs/app.log и консоль
2025-12-06 03:05:58 - root - DEBUG - [logging_config.py:58] - Логирование настроено: файл ../logs/app.log и консоль
2025-12-06 03:37:09 - root - DEBUG - [logging_config.py:58] - Логирование настроено: файл ../logs/app.log и консоль
2025-12-06 03:41:33 - root - DEBUG - [logging_config.py:58] - Логирование настроено: файл ../logs/app.log и консоль
2025-12-06 03:41:33 - root - DEBUG - [logging_config.py:58] - Логирование настроено: файл ../logs/app.log и консоль
2025-12-06 04:08:26 - root - DEBUG - [logging_config.py:58] - Логирование настроено: файл ../logs/app.log и консоль
2025-12-06 04:08:26 - root - DEBUG - [logging_config.py:58] - Логирование настроено: файл ../logs/app.log и консоль
2025-12-06 04:08:26 - main - INFO - [main.py:141] - ============================================================
2025-12-06 04:08:26 - main - INFO - [main.py:142] - Запуск программы обработки изображений
2025-12-06 04:08:26 - main - INFO - [main.py:143] - ============================================================
2025-12-06 04:08:26 - main - INFO - [main.py:41] - ============================================================
2025-12-06 04:08:26 - main - INFO - [main.py:42] - ЛАБОРАТОРНАЯ РАБОТА №4: АСИНХРОННАЯ ОБРАБОТКА ИЗОБРАЖЕНИЙ
2025-12-06 04:08:26 - main - INFO - [main.py:43] - ============================================================
2025-12-06 04:08:26 - main - INFO - [main.py:44] - 
Описание программы:
2025-12-06 04:08:26 - main - INFO - [main.py:45] - • Асинхронная загрузка изображений животных с The Cat API
2025-12-06 04:08:26 - main - INFO - [main.py:46] - • Параллельная обработка изображений в нескольких процессах
2025-12-06 04:08:26 - main - INFO - [main.py:47] - • Определение породы животного
2025-12-06 04:08:26 - main - INFO - [main.py:48] - • Выделение контуров пользовательскими и библиотечными методами
2025-12-06 04:08:26 - main - INFO - [main.py:49] - • Сохранение результатов в отдельную директорию
2025-12-06 04:08:26 - main - INFO - [main.py:50] - • Измерение времени выполнения операций
2025-12-06 04:08:26 - processor - DEBUG - [image_processor.py:97] - Инициализация AsyncCatImageProcessor с API URL: https://api.thecatapi.com/v1/images/search
2025-12-06 04:08:26 - main - INFO - [main.py:154] - API_KEY успешно загружен
2025-12-06 04:08:26 - main - INFO - [main.py:64] - Запрос ввода от пользователя
2025-12-06 04:08:27 - main - INFO - [main.py:94] - Пользователь выбрал обработку 2 изображений
2025-12-06 04:08:27 - main - INFO - [main.py:159] - Начинаем обработку 2 изображений...
2025-12-06 04:08:27 - main - INFO - [main.py:165] - Создание директории для результатов: async_processed_images
2025-12-06 04:08:27 - main - DEBUG - [main.py:170] - Запуск асинхронной обработки с параметрами: limit=2, output_dir=async_processed_images
2025-12-06 04:08:27 - asyncio - DEBUG - [selector_events.py:64] - Using selector: KqueueSelector
2025-12-06 04:08:27 - processor - INFO - [image_processor.py:355] - === Асинхронный процессор изображений кошек ===
2025-12-06 04:08:27 - processor - DEBUG - [image_processor.py:97] - Инициализация AsyncCatImageProcessor с API URL: https://api.thecatapi.com/v1/images/search
2025-12-06 04:08:27 - processor - DEBUG - [image_processor.py:360] - Создан экземпляр AsyncCatImageProcessor
2025-12-06 04:08:27 - processor - DEBUG - [image_processor.py:365] - Начало обработки, время старта: 1764979707.737608
2025-12-06 04:08:27 - processor - INFO - [image_processor.py:187] - Начало асинхронной загрузки 2 изображений...
2025-12-06 04:08:27 - processor - DEBUG - [image_processor.py:198] - Создана/проверена директория: async_processed_images
2025-12-06 04:08:27 - processor - DEBUG - [image_processor.py:206] - Параметры запроса к API: {'limit': 2, 'api_key': 'live_1gSJfhEdwUbTyU6x6BMlB46BY1jroI1SuPwVTP6i3NyuHrUFbcKh3IPtkyTFMnLs', 'has_breed': 1}
2025-12-06 04:08:27 - processor - DEBUG - [image_processor.py:211] - Отправка запроса к API: https://api.thecatapi.com/v1/images/search
2025-12-06 04:08:31 - processor - INFO - [image_processor.py:216] - Получено 2 изображений от API
2025-12-06 04:08:31 - processor - DEBUG - [image_processor.py:225] - Создана задача загрузки для изображения 1
2025-12-06 04:08:31 - processor - DEBUG - [image_processor.py:225] - Создана задача загрузки для изображения 2
2025-12-06 04:08:31 - processor - DEBUG - [image_processor.py:228] - Запуск 2 задач загрузки параллельно
2025-12-06 04:08:31 - processor - INFO - [image_processor.py:117] - Начало загрузки изображения 1
2025-12-06 04:08:31 - processor - DEBUG - [image_processor.py:122] - Изображение 1 - ключи данных: ['breeds', 'id', 'url', 'width', 'height']
2025-12-06 04:08:31 - processor - DEBUG - [image_processor.py:125] - Изображение 1 - информация о породах: []
2025-12-06 04:08:31 - processor - INFO - [image_processor.py:117] - Начало загрузки изображения 2
2025-12-06 04:08:31 - processor - DEBUG - [image_processor.py:122] - Изображение 2 - ключи данных: ['breeds', 'id', 'url', 'width', 'height']
2025-12-06 04:08:31 - processor - DEBUG - [image_processor.py:125] - Изображение 2 - информация о породах: [{'weight': {'imperial': '8 - 18', 'metric': '4 - 8'}, 'id': 'bslo', 'name': 'British Longhair', 'temperament': 'Affectionate, Easy Going, Independent, Intelligent, Loyal, Social', 'origin': 'United Kingdom', 'country_codes': 'GB', 'country_code': 'GB', 'description': 'The British Longhair is a very laid-back relaxed cat, often perceived to be very independent although they will enjoy the company of an equally relaxed and likeminded cat. They are an affectionate breed, but very much on their own terms and tend to prefer to choose to come and sit with their owners rather than being picked up.', 'life_span': '12 - 14', 'indoor': 0, 'alt_names': '', 'adaptability': 5, 'affection_level': 5, 'child_friendly': 4, 'dog_friendly': 5, 'energy_level': 4, 'grooming': 5, 'health_issues': 1, 'intelligence': 5, 'shedding_level': 1, 'social_needs': 3, 'stranger_friendly': 4, 'vocalisation': 1, 'experimental': 0, 'hairless': 0, 'natural': 0, 'rare': 0, 'rex': 0, 'suppressed_tail': 0, 'short_legs': 0, 'wikipedia_url': 'https://en.wikipedia.org/wiki/British_Longhair', 'hypoallergenic': 0, 'reference_image_id': '7isAO4Cav'}]
2025-12-06 04:10:14 - root - DEBUG - [logging_config.py:58] - Логирование настроено: файл ../logs/app.log и консоль
2025-12-06 04:10:15 - root - DEBUG - [logging_config.py:58] - Логирование настроено: файл ../logs/app.log и консоль
2025-12-06 04:10:15 - main - INFO - [main.py:141] - ============================================================
2025-12-06 04:10:15 - main - INFO - [main.py:142] - Запуск программы обработки изображений
2025-12-06 04:10:15 - main - INFO - [main.py:143] - ============================================================
2025-12-06 04:10:15 - main - INFO - [main.py:41] - ============================================================
2025-12-06 04:10:15 - main - INFO - [main.py:42] - ЛАБОРАТОРНАЯ РАБОТА №4: АСИНХРОННАЯ ОБРАБОТКА ИЗОБРАЖЕНИЙ
2025-12-06 04:10:15 - main - INFO - [main.py:43] - ============================================================
2025-12-06 04:10:15 - main - INFO - [main.py:44] - 
Описание программы:
2025-12-06 04:10:15 - main - INFO - [main.py:45] - • Асинхронная загрузка изображений животных с The Cat API
2025-12-06 04:10:15 - main - INFO - [main.py:46] - • Параллельная обработка изображений в нескольких процессах
2025-12-06 04:10:15 - main - INFO - [main.py:47] - • Определение породы животного
2025-12-06 04:10:15 - main - INFO - [main.py:48] - • Выделение контуров пользовательскими и библиотечными методами
2025-12-06 04:10:15 - main - INFO - [main.py:49] - • Сохранение результатов в отдельную директорию
2025-12-06 04:10:15 - main - INFO - [main.py:50] - • Измерение времени выполнения операций
2025-12-06 04:10:15 - processor - DEBUG - [image_processor.py:97] - Инициализация AsyncCatImageProcessor с API URL: https://api.thecatapi.com/v1/images/search
2025-12-06 04:10:15 - main - INFO - [main.py:154] - API_KEY успешно загружен
2025-12-06 04:10:15 - main - INFO - [main.py:64] - Запрос ввода от пользователя
2025-12-06 04:10:16 - main - INFO - [main.py:94] - Пользователь выбрал обработку 2 изображений
2025-12-06 04:10:16 - main - INFO - [main.py:159] - Начинаем обработку 2 изображений...
2025-12-06 04:10:16 - main - INFO - [main.py:165] - Создание директории для результатов: async_processed_images
2025-12-06 04:10:16 - main - DEBUG - [main.py:170] - Запуск асинхронной обработки с параметрами: limit=2, output_dir=async_processed_images
2025-12-06 04:10:16 - asyncio - DEBUG - [selector_events.py:64] - Using selector: KqueueSelector
2025-12-06 04:10:16 - processor - INFO - [image_processor.py:355] - === Асинхронный процессор изображений кошек ===
2025-12-06 04:10:16 - processor - DEBUG - [image_processor.py:97] - Инициализация AsyncCatImageProcessor с API URL: https://api.thecatapi.com/v1/images/search
2025-12-06 04:10:16 - processor - DEBUG - [image_processor.py:360] - Создан экземпляр AsyncCatImageProcessor
2025-12-06 04:10:16 - processor - DEBUG - [image_processor.py:365] - Начало обработки, время старта: 1764979816.693002
2025-12-06 04:10:16 - processor - INFO - [image_processor.py:187] - Начало асинхронной загрузки 2 изображений...
2025-12-06 04:10:16 - processor - DEBUG - [image_processor.py:198] - Создана/проверена директория: async_processed_images
2025-12-06 04:10:16 - processor - DEBUG - [image_processor.py:206] - Параметры запроса к API: {'limit': 2, 'api_key': 'live_1gSJfhEdwUbTyU6x6BMlB46BY1jroI1SuPwVTP6i3NyuHrUFbcKh3IPtkyTFMnLs', 'has_breed': 1}
2025-12-06 04:10:16 - processor - DEBUG - [image_processor.py:211] - Отправка запроса к API: https://api.thecatapi.com/v1/images/search
2025-12-06 04:10:17 - processor - INFO - [image_processor.py:216] - Получено 2 изображений от API
2025-12-06 04:10:17 - processor - DEBUG - [image_processor.py:225] - Создана задача загрузки для изображения 1
2025-12-06 04:10:17 - processor - DEBUG - [image_processor.py:225] - Создана задача загрузки для изображения 2
2025-12-06 04:10:17 - processor - DEBUG - [image_processor.py:228] - Запуск 2 задач загрузки параллельно
2025-12-06 04:10:17 - processor - INFO - [image_processor.py:117] - Начало загрузки изображения 1
2025-12-06 04:10:17 - processor - DEBUG - [image_processor.py:122] - Изображение 1 - ключи данных: ['breeds', 'id', 'url', 'width', 'height']
2025-12-06 04:10:17 - processor - DEBUG - [image_processor.py:125] - Изображение 1 - информация о породах: []
2025-12-06 04:10:17 - processor - INFO - [image_processor.py:117] - Начало загрузки изображения 2
2025-12-06 04:10:17 - processor - DEBUG - [image_processor.py:122] - Изображение 2 - ключи данных: ['breeds', 'id', 'url', 'width', 'height']
2025-12-06 04:10:17 - processor - DEBUG - [image_processor.py:125] - Изображение 2 - информация о породах: []
2025-12-06 04:10:17 - processor - DEBUG - [image_processor.py:131] - Изображение 2 успешно загружено, размер: 122289 байт
2025-12-06 04:10:17 - processor - DEBUG - [image_processor.py:152] - Изображение 2 сохранено по пути: async_processed_images/2_unknown_original.png
2025-12-06 04:10:17 - processor - INFO - [image_processor.py:163] - Загрузка изображения 2 завершена
2025-12-06 04:10:18 - processor - DEBUG - [image_processor.py:131] - Изображение 1 успешно загружено, размер: 213863 байт
2025-12-06 04:10:18 - PIL.TiffImagePlugin - DEBUG - [TiffImagePlugin.py:942] - tag: ExifIFD (34665) - type: long (4) - value: b'\x1a\x00\x00\x00'
2025-12-06 04:10:18 - processor - DEBUG - [image_processor.py:152] - Изображение 1 сохранено по пути: async_processed_images/1_unknown_original.png
2025-12-06 04:10:18 - processor - INFO - [image_processor.py:163] - Загрузка изображения 1 завершена
2025-12-06 04:10:18 - processor - INFO - [image_processor.py:231] - Успешно загружено 2 изображений
2025-12-06 04:10:18 - processor - INFO - [image_processor.py:251] - Начало параллельной обработки изображений...
2025-12-06 04:10:18 - processor - INFO - [image_processor.py:259] - Количество изображений для обработки: 2
2025-12-06 04:10:18 - processor - DEBUG - [image_processor.py:263] - Изображения отсортированы по индексу
2025-12-06 04:10:18 - processor - DEBUG - [image_processor.py:267] - Создан ProcessPoolExecutor для параллельной обработки
2025-12-06 04:10:18 - processor - DEBUG - [image_processor.py:271] - Создано 2 задач обработки
2025-12-06 04:10:18 - root - DEBUG - [logging_config.py:58] - Логирование настроено: файл ../logs/app.log и консоль
2025-12-06 04:10:18 - root - DEBUG - [logging_config.py:58] - Логирование настроено: файл ../logs/app.log и консоль
2025-12-06 04:10:18 - root - DEBUG - [logging_config.py:58] - Логирование настроено: файл ../logs/app.log и консоль
2025-12-06 04:10:18 - root - DEBUG - [logging_config.py:58] - Логирование настроено: файл ../logs/app.log и консоль
2025-12-06 04:10:18 - processor.process - DEBUG - [image_processor.py:51] - Начало свертки для изображения 1 (PID 75352)
2025-12-06 04:10:18 - processor.process - DEBUG - [image_processor.py:57] - Изображение 1 - цветное, порода: unknown
2025-12-06 04:10:18 - processor.process - DEBUG - [image_processor.py:51] - Начало свертки для изображения 2 (PID 75353)
2025-12-06 04:10:18 - processor.process - DEBUG - [image_processor.py:57] - Изображение 2 - цветное, порода: unknown
2025-12-06 04:10:24 - processor.process - DEBUG - [image_processor.py:66] - Обработка изображения 2 завершена
2025-12-06 04:10:24 - processor.process - DEBUG - [image_processor.py:72] - Свертка для изображения 2 завершена (PID 75353)
2025-12-06 04:10:28 - processor.process - DEBUG - [image_processor.py:66] - Обработка изображения 1 завершена
2025-12-06 04:10:28 - processor.process - DEBUG - [image_processor.py:72] - Свертка для изображения 1 завершена (PID 75352)
2025-12-06 04:10:28 - processor - INFO - [image_processor.py:279] - Обработка изображения 1 завершена
2025-12-06 04:10:28 - processor - INFO - [image_processor.py:279] - Обработка изображения 2 завершена
2025-12-06 04:10:29 - processor - INFO - [image_processor.py:300] - Сохранение обработанных изображений...
2025-12-06 04:10:29 - processor - INFO - [image_processor.py:312] - Обработанные изображения сохранены: 1_unknown
2025-12-06 04:10:29 - processor - INFO - [image_processor.py:312] - Обработанные изображения сохранены: 2_unknown
2025-12-06 04:10:29 - processor - INFO - [image_processor.py:289] - Параллельная обработка изображений завершена
2025-12-06 04:10:29 - processor - DEBUG - [image_processor.py:327] - Формирование статистики по обработанным изображениям
2025-12-06 04:10:29 - processor - DEBUG - [image_processor.py:347] - Статистика сформирована: {'total_images': 2, 'color_images': 2, 'grayscale_images': 0, 'breeds': ['unknown'], 'shapes': [(960, 1280, 3), (1920, 1082, 3)]}
2025-12-06 04:10:29 - processor - INFO - [image_processor.py:376] - 
=== Статистика ===
2025-12-06 04:10:29 - processor - INFO - [image_processor.py:377] - Всего изображений: 2
2025-12-06 04:10:29 - processor - INFO - [image_processor.py:378] - Цветных изображений: 2
2025-12-06 04:10:29 - processor - INFO - [image_processor.py:379] - Ч/Б изображений: 0
2025-12-06 04:10:29 - processor - INFO - [image_processor.py:380] - Породы: ['unknown']
2025-12-06 04:10:29 - processor - INFO - [image_processor.py:391] - 
Общее время выполнения: 12.35 секунд
2025-12-06 04:10:29 - main - INFO - [main.py:172] - Асинхронная обработка успешно завершена
2025-12-06 04:10:29 - processor - DEBUG - [image_processor.py:327] - Формирование статистики по обработанным изображениям
2025-12-06 04:10:29 - processor - DEBUG - [image_processor.py:347] - Статистика сформирована: {'total_images': 2, 'color_images': 2, 'grayscale_images': 0, 'breeds': ['unknown'], 'shapes': [(960, 1280, 3), (1920, 1082, 3)]}
2025-12-06 04:10:29 - main - INFO - [main.py:109] - ========================================
2025-12-06 04:10:29 - main - INFO - [main.py:110] - СТАТИСТИКА ОБРАБОТКИ
2025-12-06 04:10:29 - main - INFO - [main.py:111] - ========================================
2025-12-06 04:10:29 - main - INFO - [main.py:112] - Всего изображений: 2
2025-12-06 04:10:29 - main - INFO - [main.py:113] - Цветных изображений: 2
2025-12-06 04:10:29 - main - INFO - [main.py:114] - Ч/Б изображений: 0
2025-12-06 04:10:29 - main - INFO - [main.py:115] - Уникальных пород: 1
2025-12-06 04:10:29 - main - INFO - [main.py:118] - Список пород:
2025-12-06 04:10:29 - main - INFO - [main.py:120] -    • unknown
2025-12-06 04:10:29 - main - INFO - [main.py:122] - ========================================
2025-12-06 04:10:29 - main - INFO - [main.py:176] - ОБРАБОТКА ЗАВЕРШЕНА!
2025-12-06 04:10:29 - main - INFO - [main.py:183] - Программа завершена
2025-12-06 04:13:31 - root - DEBUG - [logging_config.py:58] - Логирование настроено: файл ../logs/app.log и консоль
2025-12-06 04:13:32 - processor - ERROR - [image_processor.py:172] - Ошибка загрузки изображения 2: 
Traceback (most recent call last):
  File "/Users/daschaiva/6401ivanovadm/.venv/lib/python3.13/site-packages/aiohttp/streams.py", line 355, in _wait
    await waiter
asyncio.exceptions.CancelledError

The above exception was the direct cause of the following exception:

Traceback (most recent call last):
  File "/Users/daschaiva/6401ivanovadm/lab5/cat_processor/processor/image_processor.py", line 130, in download_single_image
    image_content = await response.read()
                    ^^^^^^^^^^^^^^^^^^^^^
  File "/Users/daschaiva/6401ivanovadm/.venv/lib/python3.13/site-packages/aiohttp/client_reqrep.py", line 693, in read
    self._body = await self.content.read()
                 ^^^^^^^^^^^^^^^^^^^^^^^^^
  File "/Users/daschaiva/6401ivanovadm/.venv/lib/python3.13/site-packages/aiohttp/streams.py", line 426, in read
    block = await self.readany()
            ^^^^^^^^^^^^^^^^^^^^
  File "/Users/daschaiva/6401ivanovadm/.venv/lib/python3.13/site-packages/aiohttp/streams.py", line 448, in readany
    await self._wait("readany")
  File "/Users/daschaiva/6401ivanovadm/.venv/lib/python3.13/site-packages/aiohttp/streams.py", line 354, in _wait
    with self._timer:
         ^^^^^^^^^^^
  File "/Users/daschaiva/6401ivanovadm/.venv/lib/python3.13/site-packages/aiohttp/helpers.py", line 713, in __exit__
    raise asyncio.TimeoutError from exc_val
TimeoutError
2025-12-06 04:13:32 - processor - ERROR - [image_processor.py:172] - Ошибка загрузки изображения 1: 
Traceback (most recent call last):
  File "/Users/daschaiva/6401ivanovadm/.venv/lib/python3.13/site-packages/aiohttp/streams.py", line 355, in _wait
    await waiter
asyncio.exceptions.CancelledError

The above exception was the direct cause of the following exception:

Traceback (most recent call last):
  File "/Users/daschaiva/6401ivanovadm/lab5/cat_processor/processor/image_processor.py", line 130, in download_single_image
    image_content = await response.read()
                    ^^^^^^^^^^^^^^^^^^^^^
  File "/Users/daschaiva/6401ivanovadm/.venv/lib/python3.13/site-packages/aiohttp/client_reqrep.py", line 693, in read
    self._body = await self.content.read()
                 ^^^^^^^^^^^^^^^^^^^^^^^^^
  File "/Users/daschaiva/6401ivanovadm/.venv/lib/python3.13/site-packages/aiohttp/streams.py", line 426, in read
    block = await self.readany()
            ^^^^^^^^^^^^^^^^^^^^
  File "/Users/daschaiva/6401ivanovadm/.venv/lib/python3.13/site-packages/aiohttp/streams.py", line 448, in readany
    await self._wait("readany")
  File "/Users/daschaiva/6401ivanovadm/.venv/lib/python3.13/site-packages/aiohttp/streams.py", line 354, in _wait
    with self._timer:
         ^^^^^^^^^^^
  File "/Users/daschaiva/6401ivanovadm/.venv/lib/python3.13/site-packages/aiohttp/helpers.py", line 713, in __exit__
    raise asyncio.TimeoutError from exc_val
TimeoutError
2025-12-06 04:13:32 - processor - INFO - [image_processor.py:231] - Успешно загружено 0 изображений
2025-12-06 04:13:32 - processor - INFO - [image_processor.py:251] - Начало параллельной обработки изображений...
2025-12-06 04:13:32 - processor - WARNING - [image_processor.py:255] - Нет изображений для обработки
2025-12-06 04:13:32 - processor - DEBUG - [image_processor.py:327] - Формирование статистики по обработанным изображениям
2025-12-06 04:13:32 - processor - DEBUG - [image_processor.py:347] - Статистика сформирована: {'total_images': 0, 'color_images': 0, 'grayscale_images': 0, 'breeds': [], 'shapes': []}
2025-12-06 04:13:32 - processor - INFO - [image_processor.py:376] - 
=== Статистика ===
2025-12-06 04:13:32 - processor - INFO - [image_processor.py:377] - Всего изображений: 0
2025-12-06 04:13:32 - processor - INFO - [image_processor.py:378] - Цветных изображений: 0
2025-12-06 04:13:32 - processor - INFO - [image_processor.py:379] - Ч/Б изображений: 0
2025-12-06 04:13:32 - processor - INFO - [image_processor.py:380] - Породы: []
2025-12-06 04:13:32 - processor - INFO - [image_processor.py:391] - 
Общее время выполнения: 304.40 секунд
2025-12-06 04:13:32 - main - INFO - [main.py:172] - Асинхронная обработка успешно завершена
2025-12-06 04:13:32 - processor - DEBUG - [image_processor.py:327] - Формирование статистики по обработанным изображениям
2025-12-06 04:13:32 - processor - DEBUG - [image_processor.py:347] - Статистика сформирована: {'total_images': 0, 'color_images': 0, 'grayscale_images': 0, 'breeds': [], 'shapes': []}
2025-12-06 04:13:32 - main - INFO - [main.py:109] - ========================================
2025-12-06 04:13:32 - main - INFO - [main.py:110] - СТАТИСТИКА ОБРАБОТКИ
2025-12-06 04:13:32 - main - INFO - [main.py:111] - ========================================
2025-12-06 04:13:32 - main - INFO - [main.py:112] - Всего изображений: 0
2025-12-06 04:13:32 - main - INFO - [main.py:113] - Цветных изображений: 0
2025-12-06 04:13:32 - main - INFO - [main.py:114] - Ч/Б изображений: 0
2025-12-06 04:13:32 - main - INFO - [main.py:115] - Уникальных пород: 0
2025-12-06 04:13:32 - main - INFO - [main.py:122] - ========================================
2025-12-06 04:13:32 - main - INFO - [main.py:176] - ОБРАБОТКА ЗАВЕРШЕНА!
2025-12-06 04:13:32 - main - INFO - [main.py:183] - Программа завершена
2025-12-06 04:14:42 - root - DEBUG - [logging_config.py:58] - Логирование настроено: файл ../logs/app.log и консоль
2025-12-06 04:14:56 - root - DEBUG - [logging_config.py:58] - Логирование настроено: файл ../logs/app.log и консоль
2025-12-06 04:15:08 - root - DEBUG - [logging_config.py:58] - Логирование настроено: файл ../logs/app.log и консоль
2025-12-06 04:15:19 - root - DEBUG - [logging_config.py:58] - Логирование настроено: файл ../logs/app.log и консоль
2025-12-06 04:15:19 - processor - DEBUG - [image_processor.py:89] - Инициализация AsyncCatImageProcessor с API URL: https://api.thecatapi.com/v1/images/search
2025-12-06 04:15:19 - processor - DEBUG - [image_processor.py:319] - Формирование статистики по обработанным изображениям
2025-12-06 04:15:19 - processor - DEBUG - [image_processor.py:339] - Статистика сформирована: {'total_images': 0, 'color_images': 0, 'grayscale_images': 0, 'breeds': [], 'shapes': []}
2025-12-06 04:15:19 - processor - DEBUG - [image_processor.py:89] - Инициализация AsyncCatImageProcessor с API URL: https://api.thecatapi.com/v1/images/search
2025-12-06 04:15:19 - processor - DEBUG - [image_processor.py:319] - Формирование статистики по обработанным изображениям
2025-12-06 04:15:19 - processor - DEBUG - [image_processor.py:339] - Статистика сформирована: {'total_images': 2, 'color_images': 1, 'grayscale_images': 1, 'breeds': ['Breed1', 'Breed2'], 'shapes': [(100, 100, 3), (150, 150)]}
2025-12-06 04:15:19 - processor - DEBUG - [image_processor.py:89] - Инициализация AsyncCatImageProcessor с API URL: https://api.thecatapi.com/v1/images/search
2025-12-06 04:15:19 - processor.process - DEBUG - [image_processor.py:43] - Начало свертки для изображения 1 (PID 75518)
2025-12-06 04:15:19 - processor.process - DEBUG - [image_processor.py:49] - Изображение 1 - цветное, порода: TestBreed
2025-12-06 04:15:19 - processor.process - DEBUG - [image_processor.py:58] - Обработка изображения 1 завершена
2025-12-06 04:15:19 - processor.process - DEBUG - [image_processor.py:64] - Свертка для изображения 1 завершена (PID 75518)
2025-12-06 04:15:19 - processor - DEBUG - [image_processor.py:89] - Инициализация AsyncCatImageProcessor с API URL: https://api.thecatapi.com/v1/images/search
2025-12-06 04:15:19 - processor - DEBUG - [image_processor.py:319] - Формирование статистики по обработанным изображениям
2025-12-06 04:15:19 - processor - DEBUG - [image_processor.py:339] - Статистика сформирована: {'total_images': 0, 'color_images': 0, 'grayscale_images': 0, 'breeds': [], 'shapes': []}
2025-12-06 04:15:19 - processor - DEBUG - [image_processor.py:89] - Инициализация AsyncCatImageProcessor с API URL: https://api.thecatapi.com/v1/images/search
2025-12-06 04:15:19 - processor - DEBUG - [image_processor.py:319] - Формирование статистики по обработанным изображениям
2025-12-06 04:15:19 - processor - DEBUG - [image_processor.py:339] - Статистика сформирована: {'total_images': 2, 'color_images': 1, 'grayscale_images': 1, 'breeds': ['Breed1', 'Breed2'], 'shapes': [(100, 100, 3), (150, 150)]}
2025-12-06 04:15:19 - processor - DEBUG - [image_processor.py:89] - Инициализация AsyncCatImageProcessor с API URL: https://api.thecatapi.com/v1/images/search
2025-12-06 04:15:19 - processor.process - DEBUG - [image_processor.py:43] - Начало свертки для изображения 1 (PID 75518)
2025-12-06 04:15:19 - processor.process - DEBUG - [image_processor.py:49] - Изображение 1 - цветное, порода: TestBreed
2025-12-06 04:15:19 - processor.process - DEBUG - [image_processor.py:58] - Обработка изображения 1 завершена
2025-12-06 04:15:19 - processor.process - DEBUG - [image_processor.py:64] - Свертка для изображения 1 завершена (PID 75518)
2025-12-06 04:15:19 - asyncio - DEBUG - [selector_events.py:64] - Using selector: KqueueSelector
2025-12-06 04:15:19 - processor - DEBUG - [image_processor.py:89] - Инициализация AsyncCatImageProcessor с API URL: https://api.thecatapi.com/v1/images/search
2025-12-06 04:15:19 - processor - INFO - [image_processor.py:179] - Начало асинхронной загрузки 1 изображений...
2025-12-06 04:15:19 - processor - DEBUG - [image_processor.py:190] - Создана/проверена директория: /tmp
2025-12-06 04:15:19 - processor - DEBUG - [image_processor.py:198] - Параметры запроса к API: {'limit': 1, 'api_key': 'test_key', 'has_breed': 1}
2025-12-06 04:15:19 - processor - DEBUG - [image_processor.py:203] - Отправка запроса к API: https://api.thecatapi.com/v1/images/search
2025-12-06 04:15:19 - processor - INFO - [image_processor.py:208] - Получено 1 изображений от API
2025-12-06 04:15:19 - processor - DEBUG - [image_processor.py:217] - Создана задача загрузки для изображения 1
2025-12-06 04:15:19 - processor - DEBUG - [image_processor.py:220] - Запуск 1 задач загрузки параллельно
2025-12-06 04:15:19 - processor - INFO - [image_processor.py:109] - Начало загрузки изображения 1
2025-12-06 04:15:19 - processor - DEBUG - [image_processor.py:114] - Изображение 1 - ключи данных: ['url', 'breeds']
2025-12-06 04:15:19 - processor - DEBUG - [image_processor.py:117] - Изображение 1 - информация о породах: [{'name': 'TestBreed'}]
2025-12-06 04:15:19 - processor - DEBUG - [image_processor.py:123] - Изображение 1 успешно загружено, размер: 0 байт
2025-12-06 04:15:19 - processor - ERROR - [image_processor.py:164] - Ошибка загрузки изображения 1: a bytes-like object is required, not 'AsyncMock'
Traceback (most recent call last):
  File "/Users/daschaiva/6401ivanovadm/lab5/cat_processor/processor/image_processor.py", line 126, in download_single_image
    image = Image.open(io.BytesIO(image_content))
                       ~~~~~~~~~~^^^^^^^^^^^^^^^
TypeError: a bytes-like object is required, not 'AsyncMock'
2025-12-06 04:15:19 - processor - INFO - [image_processor.py:223] - Успешно загружено 0 изображений
2025-12-06 04:15:47 - root - DEBUG - [logging_config.py:58] - Логирование настроено: файл ../logs/app.log и консоль
2025-12-06 14:53:30 - root - DEBUG - [logging_config.py:58] - Логирование настроено: файл ../logs/app.log и консоль
2025-12-06 14:53:30 - root - DEBUG - [logging_config.py:58] - Логирование настроено: файл ../logs/app.log и консоль
2025-12-06 14:53:30 - main - INFO - [main.py:141] - ============================================================
2025-12-06 14:53:30 - main - INFO - [main.py:142] - Запуск программы обработки изображений
2025-12-06 14:53:30 - main - INFO - [main.py:143] - ============================================================
2025-12-06 14:53:30 - main - INFO - [main.py:41] - ============================================================
2025-12-06 14:53:30 - main - INFO - [main.py:42] - ЛАБОРАТОРНАЯ РАБОТА №4: АСИНХРОННАЯ ОБРАБОТКА ИЗОБРАЖЕНИЙ
2025-12-06 14:53:30 - main - INFO - [main.py:43] - ============================================================
2025-12-06 14:53:30 - main - INFO - [main.py:44] - 
Описание программы:
2025-12-06 14:53:30 - main - INFO - [main.py:45] - • Асинхронная загрузка изображений животных с The Cat API
2025-12-06 14:53:30 - main - INFO - [main.py:46] - • Параллельная обработка изображений в нескольких процессах
2025-12-06 14:53:30 - main - INFO - [main.py:47] - • Определение породы животного
2025-12-06 14:53:30 - main - INFO - [main.py:48] - • Выделение контуров пользовательскими и библиотечными методами
2025-12-06 14:53:30 - main - INFO - [main.py:49] - • Сохранение результатов в отдельную директорию
2025-12-06 14:53:30 - main - INFO - [main.py:50] - • Измерение времени выполнения операций
2025-12-06 14:53:30 - processor - DEBUG - [image_processor.py:89] - Инициализация AsyncCatImageProcessor с API URL: https://api.thecatapi.com/v1/images/search
2025-12-06 14:53:30 - main - INFO - [main.py:154] - API_KEY успешно загружен
2025-12-06 14:53:30 - main - INFO - [main.py:64] - Запрос ввода от пользователя
2025-12-06 14:53:32 - main - INFO - [main.py:94] - Пользователь выбрал обработку 3 изображений
2025-12-06 14:53:32 - main - INFO - [main.py:159] - Начинаем обработку 3 изображений...
2025-12-06 14:53:32 - main - INFO - [main.py:165] - Создание директории для результатов: async_processed_images
2025-12-06 14:53:32 - main - DEBUG - [main.py:170] - Запуск асинхронной обработки с параметрами: limit=3, output_dir=async_processed_images
2025-12-06 14:53:32 - asyncio - DEBUG - [selector_events.py:64] - Using selector: KqueueSelector
2025-12-06 14:53:32 - processor - INFO - [image_processor.py:347] - === Асинхронный процессор изображений кошек ===
2025-12-06 14:53:32 - processor - DEBUG - [image_processor.py:89] - Инициализация AsyncCatImageProcessor с API URL: https://api.thecatapi.com/v1/images/search
2025-12-06 14:53:32 - processor - DEBUG - [image_processor.py:352] - Создан экземпляр AsyncCatImageProcessor
2025-12-06 14:53:32 - processor - DEBUG - [image_processor.py:357] - Начало обработки, время старта: 1765018412.358571
2025-12-06 14:53:32 - processor - INFO - [image_processor.py:179] - Начало асинхронной загрузки 3 изображений...
2025-12-06 14:53:32 - processor - DEBUG - [image_processor.py:190] - Создана/проверена директория: async_processed_images
2025-12-06 14:53:32 - processor - DEBUG - [image_processor.py:198] - Параметры запроса к API: {'limit': 3, 'api_key': 'live_1gSJfhEdwUbTyU6x6BMlB46BY1jroI1SuPwVTP6i3NyuHrUFbcKh3IPtkyTFMnLs', 'has_breed': 1}
2025-12-06 14:53:32 - processor - DEBUG - [image_processor.py:203] - Отправка запроса к API: https://api.thecatapi.com/v1/images/search
2025-12-06 14:53:33 - processor - INFO - [image_processor.py:208] - Получено 3 изображений от API
2025-12-06 14:53:33 - processor - DEBUG - [image_processor.py:217] - Создана задача загрузки для изображения 1
2025-12-06 14:53:33 - processor - DEBUG - [image_processor.py:217] - Создана задача загрузки для изображения 2
2025-12-06 14:53:33 - processor - DEBUG - [image_processor.py:217] - Создана задача загрузки для изображения 3
2025-12-06 14:53:33 - processor - DEBUG - [image_processor.py:220] - Запуск 3 задач загрузки параллельно
2025-12-06 14:53:33 - processor - INFO - [image_processor.py:109] - Начало загрузки изображения 1
2025-12-06 14:53:33 - processor - DEBUG - [image_processor.py:114] - Изображение 1 - ключи данных: ['breeds', 'id', 'url', 'width', 'height']
2025-12-06 14:53:33 - processor - DEBUG - [image_processor.py:117] - Изображение 1 - информация о породах: []
2025-12-06 14:53:33 - processor - INFO - [image_processor.py:109] - Начало загрузки изображения 2
2025-12-06 14:53:33 - processor - DEBUG - [image_processor.py:114] - Изображение 2 - ключи данных: ['breeds', 'id', 'url', 'width', 'height']
2025-12-06 14:53:33 - processor - DEBUG - [image_processor.py:117] - Изображение 2 - информация о породах: []
2025-12-06 14:53:33 - processor - INFO - [image_processor.py:109] - Начало загрузки изображения 3
2025-12-06 14:53:33 - processor - DEBUG - [image_processor.py:114] - Изображение 3 - ключи данных: ['breeds', 'categories', 'id', 'url', 'width', 'height']
2025-12-06 14:53:33 - processor - DEBUG - [image_processor.py:117] - Изображение 3 - информация о породах: []
2025-12-06 14:54:05 - processor - ERROR - [image_processor.py:164] - Ошибка загрузки изображения 2: Response payload is not completed: <ContentLengthError: 400, message='Not enough data to satisfy content length header.'>. ConnectionResetError(54, 'Connection reset by peer')
Traceback (most recent call last):
  File "/Users/daschaiva/6401ivanovadm/.venv/lib/python3.13/site-packages/aiohttp/client_proto.py", line 144, in connection_lost
    uncompleted = self._parser.feed_eof()
  File "aiohttp/_http_parser.pyx", line 509, in aiohttp._http_parser.HttpParser.feed_eof
aiohttp.http_exceptions.ContentLengthError: 400, message:
  Not enough data to satisfy content length header.

The above exception was the direct cause of the following exception:

Traceback (most recent call last):
  File "/Users/daschaiva/6401ivanovadm/lab5/cat_processor/processor/image_processor.py", line 122, in download_single_image
    image_content = await response.read()
                    ^^^^^^^^^^^^^^^^^^^^^
  File "/Users/daschaiva/6401ivanovadm/.venv/lib/python3.13/site-packages/aiohttp/client_reqrep.py", line 693, in read
    self._body = await self.content.read()
                 ^^^^^^^^^^^^^^^^^^^^^^^^^
  File "/Users/daschaiva/6401ivanovadm/.venv/lib/python3.13/site-packages/aiohttp/streams.py", line 426, in read
    block = await self.readany()
            ^^^^^^^^^^^^^^^^^^^^
  File "/Users/daschaiva/6401ivanovadm/.venv/lib/python3.13/site-packages/aiohttp/streams.py", line 448, in readany
    await self._wait("readany")
  File "/Users/daschaiva/6401ivanovadm/.venv/lib/python3.13/site-packages/aiohttp/streams.py", line 355, in _wait
    await waiter
aiohttp.client_exceptions.ClientPayloadError: Response payload is not completed: <ContentLengthError: 400, message='Not enough data to satisfy content length header.'>. ConnectionResetError(54, 'Connection reset by peer')
2025-12-06 14:54:05 - processor - ERROR - [image_processor.py:164] - Ошибка загрузки изображения 3: Response payload is not completed: <ContentLengthError: 400, message='Not enough data to satisfy content length header.'>. ConnectionResetError(54, 'Connection reset by peer')
Traceback (most recent call last):
  File "/Users/daschaiva/6401ivanovadm/.venv/lib/python3.13/site-packages/aiohttp/client_proto.py", line 144, in connection_lost
    uncompleted = self._parser.feed_eof()
  File "aiohttp/_http_parser.pyx", line 509, in aiohttp._http_parser.HttpParser.feed_eof
aiohttp.http_exceptions.ContentLengthError: 400, message:
  Not enough data to satisfy content length header.

The above exception was the direct cause of the following exception:

Traceback (most recent call last):
  File "/Users/daschaiva/6401ivanovadm/lab5/cat_processor/processor/image_processor.py", line 122, in download_single_image
    image_content = await response.read()
                    ^^^^^^^^^^^^^^^^^^^^^
  File "/Users/daschaiva/6401ivanovadm/.venv/lib/python3.13/site-packages/aiohttp/client_reqrep.py", line 693, in read
    self._body = await self.content.read()
                 ^^^^^^^^^^^^^^^^^^^^^^^^^
  File "/Users/daschaiva/6401ivanovadm/.venv/lib/python3.13/site-packages/aiohttp/streams.py", line 426, in read
    block = await self.readany()
            ^^^^^^^^^^^^^^^^^^^^
  File "/Users/daschaiva/6401ivanovadm/.venv/lib/python3.13/site-packages/aiohttp/streams.py", line 448, in readany
    await self._wait("readany")
  File "/Users/daschaiva/6401ivanovadm/.venv/lib/python3.13/site-packages/aiohttp/streams.py", line 355, in _wait
    await waiter
aiohttp.client_exceptions.ClientPayloadError: Response payload is not completed: <ContentLengthError: 400, message='Not enough data to satisfy content length header.'>. ConnectionResetError(54, 'Connection reset by peer')
2025-12-06 14:54:05 - processor - ERROR - [image_processor.py:164] - Ошибка загрузки изображения 1: Response payload is not completed: <ContentLengthError: 400, message='Not enough data to satisfy content length header.'>. ConnectionResetError(54, 'Connection reset by peer')
Traceback (most recent call last):
  File "/Users/daschaiva/6401ivanovadm/.venv/lib/python3.13/site-packages/aiohttp/client_proto.py", line 144, in connection_lost
    uncompleted = self._parser.feed_eof()
  File "aiohttp/_http_parser.pyx", line 509, in aiohttp._http_parser.HttpParser.feed_eof
aiohttp.http_exceptions.ContentLengthError: 400, message:
  Not enough data to satisfy content length header.

The above exception was the direct cause of the following exception:

Traceback (most recent call last):
  File "/Users/daschaiva/6401ivanovadm/lab5/cat_processor/processor/image_processor.py", line 122, in download_single_image
    image_content = await response.read()
                    ^^^^^^^^^^^^^^^^^^^^^
  File "/Users/daschaiva/6401ivanovadm/.venv/lib/python3.13/site-packages/aiohttp/client_reqrep.py", line 693, in read
    self._body = await self.content.read()
                 ^^^^^^^^^^^^^^^^^^^^^^^^^
  File "/Users/daschaiva/6401ivanovadm/.venv/lib/python3.13/site-packages/aiohttp/streams.py", line 426, in read
    block = await self.readany()
            ^^^^^^^^^^^^^^^^^^^^
  File "/Users/daschaiva/6401ivanovadm/.venv/lib/python3.13/site-packages/aiohttp/streams.py", line 448, in readany
    await self._wait("readany")
  File "/Users/daschaiva/6401ivanovadm/.venv/lib/python3.13/site-packages/aiohttp/streams.py", line 355, in _wait
    await waiter
aiohttp.client_exceptions.ClientPayloadError: Response payload is not completed: <ContentLengthError: 400, message='Not enough data to satisfy content length header.'>. ConnectionResetError(54, 'Connection reset by peer')
2025-12-06 14:54:05 - processor - INFO - [image_processor.py:223] - Успешно загружено 0 изображений
2025-12-06 14:54:05 - processor - INFO - [image_processor.py:243] - Начало параллельной обработки изображений...
2025-12-06 14:54:05 - processor - WARNING - [image_processor.py:247] - Нет изображений для обработки
2025-12-06 14:54:05 - processor - DEBUG - [image_processor.py:319] - Формирование статистики по обработанным изображениям
2025-12-06 14:54:05 - processor - DEBUG - [image_processor.py:339] - Статистика сформирована: {'total_images': 0, 'color_images': 0, 'grayscale_images': 0, 'breeds': [], 'shapes': []}
2025-12-06 14:54:05 - processor - INFO - [image_processor.py:368] - 
=== Статистика ===
2025-12-06 14:54:05 - processor - INFO - [image_processor.py:369] - Всего изображений: 0
2025-12-06 14:54:05 - processor - INFO - [image_processor.py:370] - Цветных изображений: 0
2025-12-06 14:54:05 - processor - INFO - [image_processor.py:371] - Ч/Б изображений: 0
2025-12-06 14:54:05 - processor - INFO - [image_processor.py:372] - Породы: []
2025-12-06 14:54:05 - processor - INFO - [image_processor.py:383] - 
Общее время выполнения: 33.47 секунд
2025-12-06 14:54:05 - main - INFO - [main.py:172] - Асинхронная обработка успешно завершена
2025-12-06 14:54:05 - processor - DEBUG - [image_processor.py:319] - Формирование статистики по обработанным изображениям
2025-12-06 14:54:05 - processor - DEBUG - [image_processor.py:339] - Статистика сформирована: {'total_images': 0, 'color_images': 0, 'grayscale_images': 0, 'breeds': [], 'shapes': []}
2025-12-06 14:54:05 - main - INFO - [main.py:109] - ========================================
2025-12-06 14:54:05 - main - INFO - [main.py:110] - СТАТИСТИКА ОБРАБОТКИ
2025-12-06 14:54:05 - main - INFO - [main.py:111] - ========================================
2025-12-06 14:54:05 - main - INFO - [main.py:112] - Всего изображений: 0
2025-12-06 14:54:05 - main - INFO - [main.py:113] - Цветных изображений: 0
2025-12-06 14:54:05 - main - INFO - [main.py:114] - Ч/Б изображений: 0
2025-12-06 14:54:05 - main - INFO - [main.py:115] - Уникальных пород: 0
2025-12-06 14:54:05 - main - INFO - [main.py:122] - ========================================
2025-12-06 14:54:05 - main - INFO - [main.py:176] - ОБРАБОТКА ЗАВЕРШЕНА!
2025-12-06 14:54:05 - main - INFO - [main.py:183] - Программа завершена
